#
# A fatal error has been detected by the Java Runtime Environment:
#
#  SIGSEGV (0xb) at pc=0x0000767ec83f2038, pid=30491, tid=30492
#
# JRE version: OpenJDK Runtime Environment (Alibaba Dragonwell Standard Edition)-17.0.13.0.14+9-GA (17.0.13+9) (build 17.0.13+9)
# Java VM: OpenJDK 64-Bit Server VM (Alibaba Dragonwell Standard Edition)-17.0.13.0.14+9-GA (17.0.13+9, mixed mode, sharing, tiered, compressed oops, compressed class ptrs, g1 gc, linux-amd64)
# Problematic frame:
# C  [libJavaController.so+0x43038]  webots::Device::getTag() const+0x10
#
# Core dump will be written. Default location: Core dumps may be processed with "/usr/share/apport/apport -p%p -s%s -c%c -d%d -P%P -u%u -g%g -- %E" (or dumping to /home/shiguera/ownCloud/AAA_Teleco/2024-25/3_TFG/ws/WebotsAntlr/external_controller/controllers/AntlrCompleteLanguage/core.30491)
#
# If you would like to submit a bug report, please visit:
#   mailto:dragonwell_use@googlegroups.com
# The crash happened outside the Java Virtual Machine in native code.
# See problematic frame for where to report the bug.
#

---------------  S U M M A R Y ------------

Command Line: -Djava.library.path=/usr/local/webots/lib/controller/java AntlrCompleteLanguage

Host: AMD Ryzen 9 5900HX with Radeon Graphics, 16 cores, 30G, Ubuntu 24.04.2 LTS
Time: Mon Apr  7 12:37:56 2025 CEST elapsed time: 13.217870 seconds (0d 0h 0m 13s)

---------------  T H R E A D  ---------------

Current thread (0x0000767ee0029f30):  JavaThread "main" [_thread_in_native, id=30492, stack(0x0000767ee5e17000,0x0000767ee5f17000)]

Stack: [0x0000767ee5e17000,0x0000767ee5f17000],  sp=0x0000767ee5f14910,  free space=1014k
Native frames: (J=compiled Java code, j=interpreted, Vv=VM code, C=native code)
C  [libJavaController.so+0x43038]  webots::Device::getTag() const+0x10
C  [libCppController.so+0x3d6ff]  webots::Speaker::playSound(webots::Speaker*, webots::Speaker*, std::__cxx11::basic_string<char, std::char_traits<char>, std::allocator<char> > const&, double, double, double, bool)+0x51
C  [libJavaController.so+0x3c797]  Java_com_cyberbotics_webots_controller_wrapperJNI_Speaker_1playSound+0x1bd
j  com.cyberbotics.webots.controller.wrapperJNI.Speaker_playSound(JLcom/cyberbotics/webots/controller/Speaker;JLcom/cyberbotics/webots/controller/Speaker;Ljava/lang/String;DDDZ)V+0
j  com.cyberbotics.webots.controller.Speaker.playSound(Lcom/cyberbotics/webots/controller/Speaker;Lcom/cyberbotics/webots/controller/Speaker;Ljava/lang/String;DDDZ)V+18
j  SimpleVehicle.sound()V+14
j  SimpleVehicle.pivotAngle(D)V+1
j  MyCompleteVisitor.visitPivotAngle(LCompleteParser$PivotAngleContext;)LValue;+36
j  MyCompleteVisitor.visitPivotAngle(LCompleteParser$PivotAngleContext;)Ljava/lang/Object;+2
j  CompleteParser$PivotAngleContext.accept(Lorg/antlr/v4/runtime/tree/ParseTreeVisitor;)Ljava/lang/Object;+12
j  org.antlr.v4.runtime.tree.AbstractParseTreeVisitor.visitChildren(Lorg/antlr/v4/runtime/tree/RuleNode;)Ljava/lang/Object;+46
j  CompleteBaseVisitor.visitStat(LCompleteParser$StatContext;)Ljava/lang/Object;+2
j  CompleteParser$StatContext.accept(Lorg/antlr/v4/runtime/tree/ParseTreeVisitor;)Ljava/lang/Object;+12
j  org.antlr.v4.runtime.tree.AbstractParseTreeVisitor.visitChildren(Lorg/antlr/v4/runtime/tree/RuleNode;)Ljava/lang/Object;+46
j  CompleteBaseVisitor.visitBlock(LCompleteParser$BlockContext;)Ljava/lang/Object;+2
j  CompleteParser$BlockContext.accept(Lorg/antlr/v4/runtime/tree/ParseTreeVisitor;)Ljava/lang/Object;+12
j  org.antlr.v4.runtime.tree.AbstractParseTreeVisitor.visitChildren(Lorg/antlr/v4/runtime/tree/RuleNode;)Ljava/lang/Object;+46
j  CompleteBaseVisitor.visitStat_block(LCompleteParser$Stat_blockContext;)Ljava/lang/Object;+2
j  CompleteParser$Stat_blockContext.accept(Lorg/antlr/v4/runtime/tree/ParseTreeVisitor;)Ljava/lang/Object;+12
j  org.antlr.v4.runtime.tree.AbstractParseTreeVisitor.visit(Lorg/antlr/v4/runtime/tree/ParseTree;)Ljava/lang/Object;+2
j  MyCompleteVisitor.visitWhile_stat(LCompleteParser$While_statContext;)LValue;+27
j  MyCompleteVisitor.visitWhile_stat(LCompleteParser$While_statContext;)Ljava/lang/Object;+2
j  CompleteParser$While_statContext.accept(Lorg/antlr/v4/runtime/tree/ParseTreeVisitor;)Ljava/lang/Object;+12
j  org.antlr.v4.runtime.tree.AbstractParseTreeVisitor.visitChildren(Lorg/antlr/v4/runtime/tree/RuleNode;)Ljava/lang/Object;+46
j  CompleteBaseVisitor.visitStat(LCompleteParser$StatContext;)Ljava/lang/Object;+2
j  CompleteParser$StatContext.accept(Lorg/antlr/v4/runtime/tree/ParseTreeVisitor;)Ljava/lang/Object;+12
j  org.antlr.v4.runtime.tree.AbstractParseTreeVisitor.visitChildren(Lorg/antlr/v4/runtime/tree/RuleNode;)Ljava/lang/Object;+46
j  CompleteBaseVisitor.visitBlock(LCompleteParser$BlockContext;)Ljava/lang/Object;+2
j  CompleteParser$BlockContext.accept(Lorg/antlr/v4/runtime/tree/ParseTreeVisitor;)Ljava/lang/Object;+12
j  org.antlr.v4.runtime.tree.AbstractParseTreeVisitor.visitChildren(Lorg/antlr/v4/runtime/tree/RuleNode;)Ljava/lang/Object;+46
j  CompleteBaseVisitor.visitParse(LCompleteParser$ParseContext;)Ljava/lang/Object;+2
j  CompleteParser$ParseContext.accept(Lorg/antlr/v4/runtime/tree/ParseTreeVisitor;)Ljava/lang/Object;+12
j  org.antlr.v4.runtime.tree.AbstractParseTreeVisitor.visit(Lorg/antlr/v4/runtime/tree/ParseTree;)Ljava/lang/Object;+2
j  AntlrCompleteLanguage.initParser()V+47
j  AntlrCompleteLanguage.main([Ljava/lang/String;)V+91
v  ~StubRoutines::call_stub
V  [libjvm.so+0x82b125]  JavaCalls::call_helper(JavaValue*, methodHandle const&, JavaCallArguments*, JavaThread*)+0x315
V  [libjvm.so+0x8c248b]  jni_invoke_static(JNIEnv_*, JavaValue*, _jobject*, JNICallType, _jmethodID*, JNI_ArgumentPusher*, JavaThread*) [clone .constprop.1]+0x38b
V  [libjvm.so+0x8c4ed5]  jni_CallStaticVoidMethod+0x175
C  [libjli.so+0x566e]  JavaMain+0xcfe
C  [libjli.so+0x8d29]  ThreadJavaMain+0x9
C  [libc.so.6+0x9caa4]

Java frames: (J=compiled Java code, j=interpreted, Vv=VM code)
j  com.cyberbotics.webots.controller.wrapperJNI.Speaker_playSound(JLcom/cyberbotics/webots/controller/Speaker;JLcom/cyberbotics/webots/controller/Speaker;Ljava/lang/String;DDDZ)V+0
j  com.cyberbotics.webots.controller.Speaker.playSound(Lcom/cyberbotics/webots/controller/Speaker;Lcom/cyberbotics/webots/controller/Speaker;Ljava/lang/String;DDDZ)V+18
j  SimpleVehicle.sound()V+14
j  SimpleVehicle.pivotAngle(D)V+1
j  MyCompleteVisitor.visitPivotAngle(LCompleteParser$PivotAngleContext;)LValue;+36
j  MyCompleteVisitor.visitPivotAngle(LCompleteParser$PivotAngleContext;)Ljava/lang/Object;+2
j  CompleteParser$PivotAngleContext.accept(Lorg/antlr/v4/runtime/tree/ParseTreeVisitor;)Ljava/lang/Object;+12
j  org.antlr.v4.runtime.tree.AbstractParseTreeVisitor.visitChildren(Lorg/antlr/v4/runtime/tree/RuleNode;)Ljava/lang/Object;+46
j  CompleteBaseVisitor.visitStat(LCompleteParser$StatContext;)Ljava/lang/Object;+2
j  CompleteParser$StatContext.accept(Lorg/antlr/v4/runtime/tree/ParseTreeVisitor;)Ljava/lang/Object;+12
j  org.antlr.v4.runtime.tree.AbstractParseTreeVisitor.visitChildren(Lorg/antlr/v4/runtime/tree/RuleNode;)Ljava/lang/Object;+46
j  CompleteBaseVisitor.visitBlock(LCompleteParser$BlockContext;)Ljava/lang/Object;+2
j  CompleteParser$BlockContext.accept(Lorg/antlr/v4/runtime/tree/ParseTreeVisitor;)Ljava/lang/Object;+12
j  org.antlr.v4.runtime.tree.AbstractParseTreeVisitor.visitChildren(Lorg/antlr/v4/runtime/tree/RuleNode;)Ljava/lang/Object;+46
j  CompleteBaseVisitor.visitStat_block(LCompleteParser$Stat_blockContext;)Ljava/lang/Object;+2
j  CompleteParser$Stat_blockContext.accept(Lorg/antlr/v4/runtime/tree/ParseTreeVisitor;)Ljava/lang/Object;+12
j  org.antlr.v4.runtime.tree.AbstractParseTreeVisitor.visit(Lorg/antlr/v4/runtime/tree/ParseTree;)Ljava/lang/Object;+2
j  MyCompleteVisitor.visitWhile_stat(LCompleteParser$While_statContext;)LValue;+27
j  MyCompleteVisitor.visitWhile_stat(LCompleteParser$While_statContext;)Ljava/lang/Object;+2
j  CompleteParser$While_statContext.accept(Lorg/antlr/v4/runtime/tree/ParseTreeVisitor;)Ljava/lang/Object;+12
j  org.antlr.v4.runtime.tree.AbstractParseTreeVisitor.visitChildren(Lorg/antlr/v4/runtime/tree/RuleNode;)Ljava/lang/Object;+46
j  CompleteBaseVisitor.visitStat(LCompleteParser$StatContext;)Ljava/lang/Object;+2
j  CompleteParser$StatContext.accept(Lorg/antlr/v4/runtime/tree/ParseTreeVisitor;)Ljava/lang/Object;+12
j  org.antlr.v4.runtime.tree.AbstractParseTreeVisitor.visitChildren(Lorg/antlr/v4/runtime/tree/RuleNode;)Ljava/lang/Object;+46
j  CompleteBaseVisitor.visitBlock(LCompleteParser$BlockContext;)Ljava/lang/Object;+2
j  CompleteParser$BlockContext.accept(Lorg/antlr/v4/runtime/tree/ParseTreeVisitor;)Ljava/lang/Object;+12
j  org.antlr.v4.runtime.tree.AbstractParseTreeVisitor.visitChildren(Lorg/antlr/v4/runtime/tree/RuleNode;)Ljava/lang/Object;+46
j  CompleteBaseVisitor.visitParse(LCompleteParser$ParseContext;)Ljava/lang/Object;+2
j  CompleteParser$ParseContext.accept(Lorg/antlr/v4/runtime/tree/ParseTreeVisitor;)Ljava/lang/Object;+12
j  org.antlr.v4.runtime.tree.AbstractParseTreeVisitor.visit(Lorg/antlr/v4/runtime/tree/ParseTree;)Ljava/lang/Object;+2
j  AntlrCompleteLanguage.initParser()V+47
j  AntlrCompleteLanguage.main([Ljava/lang/String;)V+91
v  ~StubRoutines::call_stub

siginfo: si_signo: 11 (SIGSEGV), si_code: 1 (SEGV_MAPERR), si_addr: 0x0000000000000008

Registers:
RAX=0x0000000000000000, RBX=0x0000767e53425580, RCX=0x0000000000000001, RDX=0x0000767ee5f14a30
RSP=0x0000767ee5f14910, RBP=0x0000767ee5f14910, RSI=0x0000000000000000, RDI=0x0000000000000000
R8 =0x0000767ee00008e0, R9 =0x0000000000000007, R10=0x0000767ec73b8b90, R11=0x0000767ec73ef6ae
R12=0x0000000000000001, R13=0x0000767ee0268260, R14=0x0000767ee5f14bc0, R15=0x0000767ee0029f30
RIP=0x0000767ec83f2038, EFLAGS=0x0000000000010202, CSGSFS=0x002b000000000033, ERR=0x0000000000000004
  TRAPNO=0x000000000000000e


Register to memory mapping:

RAX=0x0 is NULL
RBX={method} {0x0000767e53425580} 'Speaker_playSound' '(JLcom/cyberbotics/webots/controller/Speaker;JLcom/cyberbotics/webots/controller/Speaker;Ljava/lang/String;DDDZ)V' in 'com/cyberbotics/webots/controller/wrapperJNI'
RCX=0x0000000000000001 is an unknown value
RDX=0x0000767ee5f14a30 is pointing into the stack for thread: 0x0000767ee0029f30
RSP=0x0000767ee5f14910 is pointing into the stack for thread: 0x0000767ee0029f30
RBP=0x0000767ee5f14910 is pointing into the stack for thread: 0x0000767ee0029f30
RSI=0x0 is NULL
RDI=0x0 is NULL
R8 =0x0000767ee00008e0 points into unknown readable memory: 0x0001000000000000 | 00 00 00 00 00 00 01 00
R9 =0x0000000000000007 is an unknown value
R10=0x0000767ec73b8b90: <offset 0x0000000000006b90> in /usr/local/webots/lib/controller/libCppController.so at 0x0000767ec73b2000
R11=0x0000767ec73ef6ae: _ZN6webots7Speaker9playSoundEPS0_S1_RKNSt7__cxx1112basic_stringIcSt11char_traitsIcESaIcEEEdddb+0x0000000000000000 in /usr/local/webots/lib/controller/libCppController.so at 0x0000767ec73b2000
R12=0x0000000000000001 is an unknown value
R13=0x0000767ee0268260 points into unknown readable memory: 0x6f772f2e2e2f2e2e | 2e 2e 2f 2e 2e 2f 77 6f
R14=0x0000767ee5f14bc0 is pointing into the stack for thread: 0x0000767ee0029f30
R15=0x0000767ee0029f30 is a thread


Top of Stack: (sp=0x0000767ee5f14910)
0x0000767ee5f14910:   0000767ee5f14980 0000767ec73ef6ff
0x0000767ee5f14920:   0000767ee5f14950 00007601e68b0ddb
0x0000767ee5f14930:   0000000000000000 3ff0000000000000
0x0000767ee5f14940:   3ff0000000000000 0000767ee5f14a30
0x0000767ee5f14950:   0000000000000000 0000000000000000
0x0000767ee5f14960:   0000767ee0268257 0000767e53425580
0x0000767ee5f14970:   0000000000000000 0000767e53425580
0x0000767ee5f14980:   0000767ee5f14a70 0000767ec83eb797
0x0000767ee5f14990:   0000000000000000 0000000100000000
0x0000767ee5f149a0:   0000000000000000 3ff0000000000000
0x0000767ee5f149b0:   3ff0000000000000 0000767ee5f14b90
0x0000767ee5f149c0:   0000000000000000 0000000000000000
0x0000767ee5f149d0:   0000000000000000 0000000000000000
0x0000767ee5f149e0:   0000767ee5f14b48 0000767ee002a1e0
0x0000767ee5f149f0:   0100767ee5f14a60 0000000000000000
0x0000767ee5f14a00:   0000000000000000 0000767ee5f14a30
0x0000767ee5f14a10:   0000767ee0268240 3ff0000000000000
0x0000767ee5f14a20:   3ff0000000000000 0000000000000000
0x0000767ee5f14a30:   0000767ee0268260 0000000000000017
0x0000767ee5f14a40:   0000000000000017 0000767e53425580
0x0000767ee5f14a50:   0000000000000000 5f1f855b995aa600
0x0000767ee5f14a60:   0000767ee5f14b38 0000767e53425580
0x0000767ee5f14a70:   0000767ee5f14b38 0000767ed086c5da
0x0000767ee5f14a80:   0000767ee5f14b90 0000767e00000001
0x0000767ee5f14a90:   0000767ee5f14bc0 0000767ee0029f30
0x0000767ee5f14aa0:   0000767ee5f14ad0 0000767ee682158f
0x0000767ee5f14ab0:   0000767e58003000 0000767e53425580
0x0000767ee5f14ac0:   0000000000000000 0000767e53425580
0x0000767ee5f14ad0:   0000767ee5f14b38 0000767ed086c350
0x0000767ee5f14ae0:   0000000000000000 0000767ed086c316
0x0000767ee5f14af0:   0000767ee5f14af0 0000767e53425580
0x0000767ee5f14b00:   0000767ee5f14bc0 0000767e5342a490 

Instructions: (pc=0x0000767ec83f2038)
0x0000767ec83f1f38:   89 55 ec 89 4d e8 4c 89 45 e0 48 8b 45 f8 48 8b
0x0000767ec83f1f48:   00 4c 8b 88 98 06 00 00 48 8b 7d e0 8b 4d e8 8b
0x0000767ec83f1f58:   55 ec 48 8b 75 f0 48 8b 45 f8 49 89 f8 48 89 c7
0x0000767ec83f1f68:   41 ff d1 90 c9 c3 f3 0f 1e fa 55 48 89 e5 48 83
0x0000767ec83f1f78:   ec 20 48 89 7d e8 48 8b 45 e8 48 89 45 f8 b8 00
0x0000767ec83f1f88:   00 00 00 84 c0 74 0e 48 8b 45 e8 48 89 c7 e8 b5
0x0000767ec83f1f98:   ff fd ff eb 0d 48 8b 45 e8 48 89 c7 e8 c7 f5 fd
0x0000767ec83f1fa8:   ff 90 c9 c3 f3 0f 1e fa 55 48 89 e5 48 83 ec 10
0x0000767ec83f1fb8:   48 89 7d f8 48 8b 05 4d cf 00 00 48 8d 50 10 48
0x0000767ec83f1fc8:   8b 45 f8 48 89 10 48 8b 45 f8 48 83 c0 10 48 89
0x0000767ec83f1fd8:   c7 e8 92 f8 fd ff 90 c9 c3 90 f3 0f 1e fa 55 48
0x0000767ec83f1fe8:   89 e5 48 83 ec 10 48 89 7d f8 48 8b 45 f8 48 89
0x0000767ec83f1ff8:   c7 e8 32 f9 fd ff 48 8b 45 f8 be 30 00 00 00 48
0x0000767ec83f2008:   89 c7 e8 01 fe fd ff c9 c3 90 f3 0f 1e fa 55 48
0x0000767ec83f2018:   89 e5 48 89 7d f8 48 8b 45 f8 48 83 c0 10 5d c3
0x0000767ec83f2028:   f3 0f 1e fa 55 48 89 e5 48 89 7d f8 48 8b 45 f8
0x0000767ec83f2038:   0f b7 40 08 0f b7 c0 5d c3 90 f3 0f 1e fa 55 48
0x0000767ec83f2048:   89 e5 48 83 ec 10 48 89 7d f8 48 89 75 f0 48 8b
0x0000767ec83f2058:   45 f8 48 8b 55 f0 48 89 d6 48 89 c7 e8 67 08 fe
0x0000767ec83f2068:   ff 48 8b 05 00 cf 00 00 48 8d 50 10 48 8b 45 f8
0x0000767ec83f2078:   48 89 10 90 c9 c3 f3 0f 1e fa 55 48 89 e5 48 83
0x0000767ec83f2088:   ec 10 48 89 7d f8 89 f0 66 89 45 f4 48 8b 45 f8
0x0000767ec83f2098:   0f b7 55 f4 89 d6 48 89 c7 e8 ea ff fd ff 48 8b
0x0000767ec83f20a8:   05 c3 ce 00 00 48 8d 50 10 48 8b 45 f8 48 89 10
0x0000767ec83f20b8:   90 c9 c3 90 f3 0f 1e fa 55 48 89 e5 48 83 ec 10
0x0000767ec83f20c8:   48 89 7d f8 48 89 75 f0 48 8b 45 f8 48 8b 55 f0
0x0000767ec83f20d8:   48 89 d6 48 89 c7 e8 ed 07 fe ff 48 8b 05 96 ce
0x0000767ec83f20e8:   00 00 48 8d 50 10 48 8b 45 f8 48 89 10 90 c9 c3
0x0000767ec83f20f8:   f3 0f 1e fa 55 48 89 e5 48 83 ec 10 48 89 7d f8
0x0000767ec83f2108:   89 f0 66 89 45 f4 48 8b 45 f8 0f b7 55 f4 89 d6
0x0000767ec83f2118:   48 89 c7 e8 70 ff fd ff 48 8b 05 59 ce 00 00 48
0x0000767ec83f2128:   8d 50 10 48 8b 45 f8 48 89 10 90 c9 c3 90 f3 0f 


Stack slot to memory mapping:
stack at sp + 0 slots: 0x0000767ee5f14980 is pointing into the stack for thread: 0x0000767ee0029f30
stack at sp + 1 slots: 0x0000767ec73ef6ff: _ZN6webots7Speaker9playSoundEPS0_S1_RKNSt7__cxx1112basic_stringIcSt11char_traitsIcESaIcEEEdddb+0x0000000000000051 in /usr/local/webots/lib/controller/libCppController.so at 0x0000767ec73b2000
stack at sp + 2 slots: 0x0000767ee5f14950 is pointing into the stack for thread: 0x0000767ee0029f30
stack at sp + 3 slots: 0x00007601e68b0ddb is an unknown value
stack at sp + 4 slots: 0x0 is NULL
stack at sp + 5 slots: 0x3ff0000000000000 is an unknown value
stack at sp + 6 slots: 0x3ff0000000000000 is an unknown value
stack at sp + 7 slots: 0x0000767ee5f14a30 is pointing into the stack for thread: 0x0000767ee0029f30


---------------  P R O C E S S  ---------------

Threads class SMR info:
_java_thread_list=0x0000767dfc0051c0, length=12, elements={
0x0000767ee0029f30, 0x0000767ee0167d20, 0x0000767ee0169110, 0x0000767ee016e6d0,
0x0000767ee016fa90, 0x0000767ee0170eb0, 0x0000767ee01728f0, 0x0000767ee0173e30,
0x0000767ee01752b0, 0x0000767ee017c960, 0x0000767ee0180a90, 0x0000767e20005fb0
}

Java Threads: ( => current thread )
=>0x0000767ee0029f30 JavaThread "main" [_thread_in_native, id=30492, stack(0x0000767ee5e17000,0x0000767ee5f17000)]
  0x0000767ee0167d20 JavaThread "Reference Handler" daemon [_thread_blocked, id=30499, stack(0x0000767eb45fb000,0x0000767eb46fb000)]
  0x0000767ee0169110 JavaThread "Finalizer" daemon [_thread_blocked, id=30500, stack(0x0000767eb44fb000,0x0000767eb45fb000)]
  0x0000767ee016e6d0 JavaThread "Signal Dispatcher" daemon [_thread_blocked, id=30501, stack(0x0000767eb43fb000,0x0000767eb44fb000)]
  0x0000767ee016fa90 JavaThread "Service Thread" daemon [_thread_blocked, id=30502, stack(0x0000767eb42fb000,0x0000767eb43fb000)]
  0x0000767ee0170eb0 JavaThread "Monitor Deflation Thread" daemon [_thread_blocked, id=30503, stack(0x0000767eb41fb000,0x0000767eb42fb000)]
  0x0000767ee01728f0 JavaThread "C2 CompilerThread0" daemon [_thread_blocked, id=30504, stack(0x0000767eb40fb000,0x0000767eb41fb000)]
  0x0000767ee0173e30 JavaThread "C1 CompilerThread0" daemon [_thread_blocked, id=30505, stack(0x0000767eaff00000,0x0000767eb0000000)]
  0x0000767ee01752b0 JavaThread "Sweeper thread" daemon [_thread_blocked, id=30506, stack(0x0000767eaf500000,0x0000767eaf600000)]
  0x0000767ee017c960 JavaThread "Notification Thread" daemon [_thread_blocked, id=30507, stack(0x0000767eaf400000,0x0000767eaf500000)]
  0x0000767ee0180a90 JavaThread "Common-Cleaner" daemon [_thread_blocked, id=30509, stack(0x0000767eaf1ff000,0x0000767eaf2ff000)]
  0x0000767e20005fb0 JavaThread "C1 CompilerThread1" daemon [_thread_blocked, id=30556, stack(0x0000767eaf0ff000,0x0000767eaf1ff000)]

Other Threads:
  0x0000767ee0163d90 VMThread "VM Thread" [stack: 0x0000767eb46fc000,0x0000767eb47fc000] [id=30498]
  0x0000767ee017e2b0 WatcherThread [stack: 0x0000767eaf300000,0x0000767eaf400000] [id=30508]
  0x0000767ee0059340 GCTaskThread "GC Thread#0" [stack: 0x0000767ee4d7b000,0x0000767ee4e7b000] [id=30493]
  0x0000767ee0069f80 ConcurrentGCThread "G1 Main Marker" [stack: 0x0000767ee4c7a000,0x0000767ee4d7a000] [id=30494]
  0x0000767ee006aef0 ConcurrentGCThread "G1 Conc#0" [stack: 0x0000767ee4b79000,0x0000767ee4c79000] [id=30495]
  0x0000767ee0133fc0 ConcurrentGCThread "G1 Refine#0" [stack: 0x0000767eb48fe000,0x0000767eb49fe000] [id=30496]
  0x0000767ee0134ec0 ConcurrentGCThread "G1 Service" [stack: 0x0000767eb47fd000,0x0000767eb48fd000] [id=30497]

Threads with active compile tasks:

VM state: not at safepoint (normal execution)

VM Mutex/Monitor currently owned by a thread: None

Heap address: 0x0000000613c00000, size: 7876 MB, Compressed Oops mode: Zero based, Oop shift amount: 3

CDS archive(s) mapped at: [0x0000767e57000000-0x0000767e57bc9000-0x0000767e57bc9000), size 12357632, SharedBaseAddress: 0x0000767e57000000, ArchiveRelocationMode: 1.
Compressed class space mapped at: 0x0000767e58000000-0x0000767e98000000, reserved size: 1073741824
Narrow klass base: 0x0000767e57000000, Narrow klass shift: 0, Narrow klass range: 0x100000000

GC Precious Log:
 CPUs: 16 total, 16 available
 Memory: 31490M
 Large Page Support: Disabled
 NUMA Support: Disabled
 Compressed Oops: Enabled (Zero based)
 Heap Region Size: 4M
 Heap Min Capacity: 8M
 Heap Initial Capacity: 496M
 Heap Max Capacity: 7876M
 Pre-touch: Disabled
 Parallel Workers: 13
 Concurrent Workers: 3
 Concurrent Refinement Workers: 13
 Periodic GC: Disabled

Heap:
 garbage-first heap   total 516096K, used 8112K [0x0000000613c00000, 0x0000000800000000)
  region size 4096K, 2 young (8192K), 0 survivors (0K)
 Metaspace       used 2193K, committed 2368K, reserved 1114112K
  class space    used 242K, committed 320K, reserved 1048576K

Heap Regions: E=young(eden), S=young(survivor), O=old, HS=humongous(starts), HC=humongous(continues), CS=collection set, F=free, OA=open archive, CA=closed archive, TAMS=top-at-mark-start (previous, next)
|   0|0x0000000613c00000, 0x0000000613c00000, 0x0000000614000000|  0%| F|  |TAMS 0x0000000613c00000, 0x0000000613c00000| Untracked 
|   1|0x0000000614000000, 0x0000000614000000, 0x0000000614400000|  0%| F|  |TAMS 0x0000000614000000, 0x0000000614000000| Untracked 
|   2|0x0000000614400000, 0x0000000614400000, 0x0000000614800000|  0%| F|  |TAMS 0x0000000614400000, 0x0000000614400000| Untracked 
|   3|0x0000000614800000, 0x0000000614800000, 0x0000000614c00000|  0%| F|  |TAMS 0x0000000614800000, 0x0000000614800000| Untracked 
|   4|0x0000000614c00000, 0x0000000614c00000, 0x0000000615000000|  0%| F|  |TAMS 0x0000000614c00000, 0x0000000614c00000| Untracked 
|   5|0x0000000615000000, 0x0000000615000000, 0x0000000615400000|  0%| F|  |TAMS 0x0000000615000000, 0x0000000615000000| Untracked 
|   6|0x0000000615400000, 0x0000000615400000, 0x0000000615800000|  0%| F|  |TAMS 0x0000000615400000, 0x0000000615400000| Untracked 
|   7|0x0000000615800000, 0x0000000615800000, 0x0000000615c00000|  0%| F|  |TAMS 0x0000000615800000, 0x0000000615800000| Untracked 
|   8|0x0000000615c00000, 0x0000000615c00000, 0x0000000616000000|  0%| F|  |TAMS 0x0000000615c00000, 0x0000000615c00000| Untracked 
|   9|0x0000000616000000, 0x0000000616000000, 0x0000000616400000|  0%| F|  |TAMS 0x0000000616000000, 0x0000000616000000| Untracked 
|  10|0x0000000616400000, 0x0000000616400000, 0x0000000616800000|  0%| F|  |TAMS 0x0000000616400000, 0x0000000616400000| Untracked 
|  11|0x0000000616800000, 0x0000000616800000, 0x0000000616c00000|  0%| F|  |TAMS 0x0000000616800000, 0x0000000616800000| Untracked 
|  12|0x0000000616c00000, 0x0000000616c00000, 0x0000000617000000|  0%| F|  |TAMS 0x0000000616c00000, 0x0000000616c00000| Untracked 
|  13|0x0000000617000000, 0x0000000617000000, 0x0000000617400000|  0%| F|  |TAMS 0x0000000617000000, 0x0000000617000000| Untracked 
|  14|0x0000000617400000, 0x0000000617400000, 0x0000000617800000|  0%| F|  |TAMS 0x0000000617400000, 0x0000000617400000| Untracked 
|  15|0x0000000617800000, 0x0000000617800000, 0x0000000617c00000|  0%| F|  |TAMS 0x0000000617800000, 0x0000000617800000| Untracked 
|  16|0x0000000617c00000, 0x0000000617c00000, 0x0000000618000000|  0%| F|  |TAMS 0x0000000617c00000, 0x0000000617c00000| Untracked 
|  17|0x0000000618000000, 0x0000000618000000, 0x0000000618400000|  0%| F|  |TAMS 0x0000000618000000, 0x0000000618000000| Untracked 
|  18|0x0000000618400000, 0x0000000618400000, 0x0000000618800000|  0%| F|  |TAMS 0x0000000618400000, 0x0000000618400000| Untracked 
|  19|0x0000000618800000, 0x0000000618800000, 0x0000000618c00000|  0%| F|  |TAMS 0x0000000618800000, 0x0000000618800000| Untracked 
|  20|0x0000000618c00000, 0x0000000618c00000, 0x0000000619000000|  0%| F|  |TAMS 0x0000000618c00000, 0x0000000618c00000| Untracked 
|  21|0x0000000619000000, 0x0000000619000000, 0x0000000619400000|  0%| F|  |TAMS 0x0000000619000000, 0x0000000619000000| Untracked 
|  22|0x0000000619400000, 0x0000000619400000, 0x0000000619800000|  0%| F|  |TAMS 0x0000000619400000, 0x0000000619400000| Untracked 
|  23|0x0000000619800000, 0x0000000619800000, 0x0000000619c00000|  0%| F|  |TAMS 0x0000000619800000, 0x0000000619800000| Untracked 
|  24|0x0000000619c00000, 0x0000000619c00000, 0x000000061a000000|  0%| F|  |TAMS 0x0000000619c00000, 0x0000000619c00000| Untracked 
|  25|0x000000061a000000, 0x000000061a000000, 0x000000061a400000|  0%| F|  |TAMS 0x000000061a000000, 0x000000061a000000| Untracked 
|  26|0x000000061a400000, 0x000000061a400000, 0x000000061a800000|  0%| F|  |TAMS 0x000000061a400000, 0x000000061a400000| Untracked 
|  27|0x000000061a800000, 0x000000061a800000, 0x000000061ac00000|  0%| F|  |TAMS 0x000000061a800000, 0x000000061a800000| Untracked 
|  28|0x000000061ac00000, 0x000000061ac00000, 0x000000061b000000|  0%| F|  |TAMS 0x000000061ac00000, 0x000000061ac00000| Untracked 
|  29|0x000000061b000000, 0x000000061b000000, 0x000000061b400000|  0%| F|  |TAMS 0x000000061b000000, 0x000000061b000000| Untracked 
|  30|0x000000061b400000, 0x000000061b400000, 0x000000061b800000|  0%| F|  |TAMS 0x000000061b400000, 0x000000061b400000| Untracked 
|  31|0x000000061b800000, 0x000000061b800000, 0x000000061bc00000|  0%| F|  |TAMS 0x000000061b800000, 0x000000061b800000| Untracked 
|  32|0x000000061bc00000, 0x000000061bc00000, 0x000000061c000000|  0%| F|  |TAMS 0x000000061bc00000, 0x000000061bc00000| Untracked 
|  33|0x000000061c000000, 0x000000061c000000, 0x000000061c400000|  0%| F|  |TAMS 0x000000061c000000, 0x000000061c000000| Untracked 
|  34|0x000000061c400000, 0x000000061c400000, 0x000000061c800000|  0%| F|  |TAMS 0x000000061c400000, 0x000000061c400000| Untracked 
|  35|0x000000061c800000, 0x000000061c800000, 0x000000061cc00000|  0%| F|  |TAMS 0x000000061c800000, 0x000000061c800000| Untracked 
|  36|0x000000061cc00000, 0x000000061cc00000, 0x000000061d000000|  0%| F|  |TAMS 0x000000061cc00000, 0x000000061cc00000| Untracked 
|  37|0x000000061d000000, 0x000000061d000000, 0x000000061d400000|  0%| F|  |TAMS 0x000000061d000000, 0x000000061d000000| Untracked 
|  38|0x000000061d400000, 0x000000061d400000, 0x000000061d800000|  0%| F|  |TAMS 0x000000061d400000, 0x000000061d400000| Untracked 
|  39|0x000000061d800000, 0x000000061d800000, 0x000000061dc00000|  0%| F|  |TAMS 0x000000061d800000, 0x000000061d800000| Untracked 
|  40|0x000000061dc00000, 0x000000061dc00000, 0x000000061e000000|  0%| F|  |TAMS 0x000000061dc00000, 0x000000061dc00000| Untracked 
|  41|0x000000061e000000, 0x000000061e000000, 0x000000061e400000|  0%| F|  |TAMS 0x000000061e000000, 0x000000061e000000| Untracked 
|  42|0x000000061e400000, 0x000000061e400000, 0x000000061e800000|  0%| F|  |TAMS 0x000000061e400000, 0x000000061e400000| Untracked 
|  43|0x000000061e800000, 0x000000061e800000, 0x000000061ec00000|  0%| F|  |TAMS 0x000000061e800000, 0x000000061e800000| Untracked 
|  44|0x000000061ec00000, 0x000000061ec00000, 0x000000061f000000|  0%| F|  |TAMS 0x000000061ec00000, 0x000000061ec00000| Untracked 
|  45|0x000000061f000000, 0x000000061f000000, 0x000000061f400000|  0%| F|  |TAMS 0x000000061f000000, 0x000000061f000000| Untracked 
|  46|0x000000061f400000, 0x000000061f400000, 0x000000061f800000|  0%| F|  |TAMS 0x000000061f400000, 0x000000061f400000| Untracked 
|  47|0x000000061f800000, 0x000000061f800000, 0x000000061fc00000|  0%| F|  |TAMS 0x000000061f800000, 0x000000061f800000| Untracked 
|  48|0x000000061fc00000, 0x000000061fc00000, 0x0000000620000000|  0%| F|  |TAMS 0x000000061fc00000, 0x000000061fc00000| Untracked 
|  49|0x0000000620000000, 0x0000000620000000, 0x0000000620400000|  0%| F|  |TAMS 0x0000000620000000, 0x0000000620000000| Untracked 
|  50|0x0000000620400000, 0x0000000620400000, 0x0000000620800000|  0%| F|  |TAMS 0x0000000620400000, 0x0000000620400000| Untracked 
|  51|0x0000000620800000, 0x0000000620800000, 0x0000000620c00000|  0%| F|  |TAMS 0x0000000620800000, 0x0000000620800000| Untracked 
|  52|0x0000000620c00000, 0x0000000620c00000, 0x0000000621000000|  0%| F|  |TAMS 0x0000000620c00000, 0x0000000620c00000| Untracked 
|  53|0x0000000621000000, 0x0000000621000000, 0x0000000621400000|  0%| F|  |TAMS 0x0000000621000000, 0x0000000621000000| Untracked 
|  54|0x0000000621400000, 0x0000000621400000, 0x0000000621800000|  0%| F|  |TAMS 0x0000000621400000, 0x0000000621400000| Untracked 
|  55|0x0000000621800000, 0x0000000621800000, 0x0000000621c00000|  0%| F|  |TAMS 0x0000000621800000, 0x0000000621800000| Untracked 
|  56|0x0000000621c00000, 0x0000000621c00000, 0x0000000622000000|  0%| F|  |TAMS 0x0000000621c00000, 0x0000000621c00000| Untracked 
|  57|0x0000000622000000, 0x0000000622000000, 0x0000000622400000|  0%| F|  |TAMS 0x0000000622000000, 0x0000000622000000| Untracked 
|  58|0x0000000622400000, 0x0000000622400000, 0x0000000622800000|  0%| F|  |TAMS 0x0000000622400000, 0x0000000622400000| Untracked 
|  59|0x0000000622800000, 0x0000000622800000, 0x0000000622c00000|  0%| F|  |TAMS 0x0000000622800000, 0x0000000622800000| Untracked 
|  60|0x0000000622c00000, 0x0000000622c00000, 0x0000000623000000|  0%| F|  |TAMS 0x0000000622c00000, 0x0000000622c00000| Untracked 
|  61|0x0000000623000000, 0x0000000623000000, 0x0000000623400000|  0%| F|  |TAMS 0x0000000623000000, 0x0000000623000000| Untracked 
|  62|0x0000000623400000, 0x0000000623400000, 0x0000000623800000|  0%| F|  |TAMS 0x0000000623400000, 0x0000000623400000| Untracked 
|  63|0x0000000623800000, 0x0000000623800000, 0x0000000623c00000|  0%| F|  |TAMS 0x0000000623800000, 0x0000000623800000| Untracked 
|  64|0x0000000623c00000, 0x0000000623c00000, 0x0000000624000000|  0%| F|  |TAMS 0x0000000623c00000, 0x0000000623c00000| Untracked 
|  65|0x0000000624000000, 0x0000000624000000, 0x0000000624400000|  0%| F|  |TAMS 0x0000000624000000, 0x0000000624000000| Untracked 
|  66|0x0000000624400000, 0x0000000624400000, 0x0000000624800000|  0%| F|  |TAMS 0x0000000624400000, 0x0000000624400000| Untracked 
|  67|0x0000000624800000, 0x0000000624800000, 0x0000000624c00000|  0%| F|  |TAMS 0x0000000624800000, 0x0000000624800000| Untracked 
|  68|0x0000000624c00000, 0x0000000624c00000, 0x0000000625000000|  0%| F|  |TAMS 0x0000000624c00000, 0x0000000624c00000| Untracked 
|  69|0x0000000625000000, 0x0000000625000000, 0x0000000625400000|  0%| F|  |TAMS 0x0000000625000000, 0x0000000625000000| Untracked 
|  70|0x0000000625400000, 0x0000000625400000, 0x0000000625800000|  0%| F|  |TAMS 0x0000000625400000, 0x0000000625400000| Untracked 
|  71|0x0000000625800000, 0x0000000625800000, 0x0000000625c00000|  0%| F|  |TAMS 0x0000000625800000, 0x0000000625800000| Untracked 
|  72|0x0000000625c00000, 0x0000000625c00000, 0x0000000626000000|  0%| F|  |TAMS 0x0000000625c00000, 0x0000000625c00000| Untracked 
|  73|0x0000000626000000, 0x0000000626000000, 0x0000000626400000|  0%| F|  |TAMS 0x0000000626000000, 0x0000000626000000| Untracked 
|  74|0x0000000626400000, 0x0000000626400000, 0x0000000626800000|  0%| F|  |TAMS 0x0000000626400000, 0x0000000626400000| Untracked 
|  75|0x0000000626800000, 0x0000000626800000, 0x0000000626c00000|  0%| F|  |TAMS 0x0000000626800000, 0x0000000626800000| Untracked 
|  76|0x0000000626c00000, 0x0000000626c00000, 0x0000000627000000|  0%| F|  |TAMS 0x0000000626c00000, 0x0000000626c00000| Untracked 
|  77|0x0000000627000000, 0x0000000627000000, 0x0000000627400000|  0%| F|  |TAMS 0x0000000627000000, 0x0000000627000000| Untracked 
|  78|0x0000000627400000, 0x0000000627400000, 0x0000000627800000|  0%| F|  |TAMS 0x0000000627400000, 0x0000000627400000| Untracked 
|  79|0x0000000627800000, 0x0000000627800000, 0x0000000627c00000|  0%| F|  |TAMS 0x0000000627800000, 0x0000000627800000| Untracked 
|  80|0x0000000627c00000, 0x0000000627c00000, 0x0000000628000000|  0%| F|  |TAMS 0x0000000627c00000, 0x0000000627c00000| Untracked 
|  81|0x0000000628000000, 0x0000000628000000, 0x0000000628400000|  0%| F|  |TAMS 0x0000000628000000, 0x0000000628000000| Untracked 
|  82|0x0000000628400000, 0x0000000628400000, 0x0000000628800000|  0%| F|  |TAMS 0x0000000628400000, 0x0000000628400000| Untracked 
|  83|0x0000000628800000, 0x0000000628800000, 0x0000000628c00000|  0%| F|  |TAMS 0x0000000628800000, 0x0000000628800000| Untracked 
|  84|0x0000000628c00000, 0x0000000628c00000, 0x0000000629000000|  0%| F|  |TAMS 0x0000000628c00000, 0x0000000628c00000| Untracked 
|  85|0x0000000629000000, 0x0000000629000000, 0x0000000629400000|  0%| F|  |TAMS 0x0000000629000000, 0x0000000629000000| Untracked 
|  86|0x0000000629400000, 0x0000000629400000, 0x0000000629800000|  0%| F|  |TAMS 0x0000000629400000, 0x0000000629400000| Untracked 
|  87|0x0000000629800000, 0x0000000629800000, 0x0000000629c00000|  0%| F|  |TAMS 0x0000000629800000, 0x0000000629800000| Untracked 
|  88|0x0000000629c00000, 0x0000000629c00000, 0x000000062a000000|  0%| F|  |TAMS 0x0000000629c00000, 0x0000000629c00000| Untracked 
|  89|0x000000062a000000, 0x000000062a000000, 0x000000062a400000|  0%| F|  |TAMS 0x000000062a000000, 0x000000062a000000| Untracked 
|  90|0x000000062a400000, 0x000000062a400000, 0x000000062a800000|  0%| F|  |TAMS 0x000000062a400000, 0x000000062a400000| Untracked 
|  91|0x000000062a800000, 0x000000062a800000, 0x000000062ac00000|  0%| F|  |TAMS 0x000000062a800000, 0x000000062a800000| Untracked 
|  92|0x000000062ac00000, 0x000000062ac00000, 0x000000062b000000|  0%| F|  |TAMS 0x000000062ac00000, 0x000000062ac00000| Untracked 
|  93|0x000000062b000000, 0x000000062b000000, 0x000000062b400000|  0%| F|  |TAMS 0x000000062b000000, 0x000000062b000000| Untracked 
|  94|0x000000062b400000, 0x000000062b400000, 0x000000062b800000|  0%| F|  |TAMS 0x000000062b400000, 0x000000062b400000| Untracked 
|  95|0x000000062b800000, 0x000000062b800000, 0x000000062bc00000|  0%| F|  |TAMS 0x000000062b800000, 0x000000062b800000| Untracked 
|  96|0x000000062bc00000, 0x000000062bc00000, 0x000000062c000000|  0%| F|  |TAMS 0x000000062bc00000, 0x000000062bc00000| Untracked 
|  97|0x000000062c000000, 0x000000062c000000, 0x000000062c400000|  0%| F|  |TAMS 0x000000062c000000, 0x000000062c000000| Untracked 
|  98|0x000000062c400000, 0x000000062c400000, 0x000000062c800000|  0%| F|  |TAMS 0x000000062c400000, 0x000000062c400000| Untracked 
|  99|0x000000062c800000, 0x000000062c800000, 0x000000062cc00000|  0%| F|  |TAMS 0x000000062c800000, 0x000000062c800000| Untracked 
| 100|0x000000062cc00000, 0x000000062cc00000, 0x000000062d000000|  0%| F|  |TAMS 0x000000062cc00000, 0x000000062cc00000| Untracked 
| 101|0x000000062d000000, 0x000000062d000000, 0x000000062d400000|  0%| F|  |TAMS 0x000000062d000000, 0x000000062d000000| Untracked 
| 102|0x000000062d400000, 0x000000062d400000, 0x000000062d800000|  0%| F|  |TAMS 0x000000062d400000, 0x000000062d400000| Untracked 
| 103|0x000000062d800000, 0x000000062d800000, 0x000000062dc00000|  0%| F|  |TAMS 0x000000062d800000, 0x000000062d800000| Untracked 
| 104|0x000000062dc00000, 0x000000062dc00000, 0x000000062e000000|  0%| F|  |TAMS 0x000000062dc00000, 0x000000062dc00000| Untracked 
| 105|0x000000062e000000, 0x000000062e000000, 0x000000062e400000|  0%| F|  |TAMS 0x000000062e000000, 0x000000062e000000| Untracked 
| 106|0x000000062e400000, 0x000000062e400000, 0x000000062e800000|  0%| F|  |TAMS 0x000000062e400000, 0x000000062e400000| Untracked 
| 107|0x000000062e800000, 0x000000062e800000, 0x000000062ec00000|  0%| F|  |TAMS 0x000000062e800000, 0x000000062e800000| Untracked 
| 108|0x000000062ec00000, 0x000000062ec00000, 0x000000062f000000|  0%| F|  |TAMS 0x000000062ec00000, 0x000000062ec00000| Untracked 
| 109|0x000000062f000000, 0x000000062f000000, 0x000000062f400000|  0%| F|  |TAMS 0x000000062f000000, 0x000000062f000000| Untracked 
| 110|0x000000062f400000, 0x000000062f400000, 0x000000062f800000|  0%| F|  |TAMS 0x000000062f400000, 0x000000062f400000| Untracked 
| 111|0x000000062f800000, 0x000000062f800000, 0x000000062fc00000|  0%| F|  |TAMS 0x000000062f800000, 0x000000062f800000| Untracked 
| 112|0x000000062fc00000, 0x000000062fc00000, 0x0000000630000000|  0%| F|  |TAMS 0x000000062fc00000, 0x000000062fc00000| Untracked 
| 113|0x0000000630000000, 0x0000000630000000, 0x0000000630400000|  0%| F|  |TAMS 0x0000000630000000, 0x0000000630000000| Untracked 
| 114|0x0000000630400000, 0x0000000630400000, 0x0000000630800000|  0%| F|  |TAMS 0x0000000630400000, 0x0000000630400000| Untracked 
| 115|0x0000000630800000, 0x0000000630800000, 0x0000000630c00000|  0%| F|  |TAMS 0x0000000630800000, 0x0000000630800000| Untracked 
| 116|0x0000000630c00000, 0x0000000630c00000, 0x0000000631000000|  0%| F|  |TAMS 0x0000000630c00000, 0x0000000630c00000| Untracked 
| 117|0x0000000631000000, 0x0000000631000000, 0x0000000631400000|  0%| F|  |TAMS 0x0000000631000000, 0x0000000631000000| Untracked 
| 118|0x0000000631400000, 0x0000000631400000, 0x0000000631800000|  0%| F|  |TAMS 0x0000000631400000, 0x0000000631400000| Untracked 
| 119|0x0000000631800000, 0x0000000631800000, 0x0000000631c00000|  0%| F|  |TAMS 0x0000000631800000, 0x0000000631800000| Untracked 
| 120|0x0000000631c00000, 0x0000000631c00000, 0x0000000632000000|  0%| F|  |TAMS 0x0000000631c00000, 0x0000000631c00000| Untracked 
| 121|0x0000000632000000, 0x0000000632000000, 0x0000000632400000|  0%| F|  |TAMS 0x0000000632000000, 0x0000000632000000| Untracked 
| 122|0x0000000632400000, 0x0000000632570a98, 0x0000000632800000| 36%| E|  |TAMS 0x0000000632400000, 0x0000000632400000| Complete 
| 123|0x0000000632800000, 0x0000000632c00000, 0x0000000632c00000|100%| E|CS|TAMS 0x0000000632800000, 0x0000000632800000| Complete 
|1967|0x00000007ff800000, 0x00000007ffb75000, 0x00000007ffc00000| 86%|OA|  |TAMS 0x00000007ff800000, 0x00000007ff800000| Untracked 
|1968|0x00000007ffc00000, 0x00000007ffc77000, 0x0000000800000000| 11%|CA|  |TAMS 0x00000007ffc00000, 0x00000007ffc00000| Untracked 

Card table byte_map: [0x0000767ec7400000,0x0000767ec8362000] _byte_map_base: 0x0000767ec4362000

Marking Bits (Prev, Next): (CMBitMap*) 0x0000767ee0059dd0, (CMBitMap*) 0x0000767ee0059e10
 Prev Bits: [0x0000767ebe800000, 0x0000767ec6310000)
 Next Bits: [0x0000767eb6c00000, 0x0000767ebe710000)

Polling page: 0x0000767ee76d7000

Metaspace:

Usage:
  Non-class:      1.91 MB used.
      Class:    242.97 KB used.
       Both:      2.14 MB used.

Virtual space:
  Non-class space:       64.00 MB reserved,       2.00 MB (  3%) committed,  1 nodes.
      Class space:        1.00 GB reserved,     320.00 KB ( <1%) committed,  1 nodes.
             Both:        1.06 GB reserved,       2.31 MB ( <1%) committed. 

Chunk freelists:
   Non-Class:  10.98 MB
       Class:  15.58 MB
        Both:  26.56 MB

MaxMetaspaceSize: unlimited
CompressedClassSpaceSize: 1.00 GB
Initial GC threshold: 21.00 MB
Current GC threshold: 21.00 MB
CDS: on
MetaspaceReclaimPolicy: balanced
 - commit_granule_bytes: 65536.
 - commit_granule_words: 8192.
 - virtual_space_node_default_size: 8388608.
 - enlarge_chunks_in_place: 1.
 - new_chunks_are_fully_committed: 0.
 - uncommit_free_chunks: 1.
 - use_allocation_guard: 0.
 - handle_deallocations: 1.


Internal statistics:

num_allocs_failed_limit: 0.
num_arena_births: 44.
num_arena_deaths: 0.
num_vsnodes_births: 2.
num_vsnodes_deaths: 0.
num_space_committed: 37.
num_space_uncommitted: 0.
num_chunks_returned_to_freelist: 0.
num_chunks_taken_from_freelist: 94.
num_chunk_merges: 0.
num_chunk_splits: 71.
num_chunks_enlarged: 51.
num_inconsistent_stats: 0.

CodeHeap 'non-profiled nmethods': size=119168Kb used=137Kb max_used=137Kb free=119030Kb
 bounds [0x0000767ed0fa0000, 0x0000767ed1210000, 0x0000767ed8400000]
CodeHeap 'profiled nmethods': size=119164Kb used=669Kb max_used=669Kb free=118494Kb
 bounds [0x0000767ec9400000, 0x0000767ec9670000, 0x0000767ed085f000]
CodeHeap 'non-nmethods': size=7428Kb used=1715Kb max_used=2287Kb free=5712Kb
 bounds [0x0000767ed085f000, 0x0000767ed0acf000, 0x0000767ed0fa0000]
 total_blobs=911 nmethods=463 adapters=361
 compilation: enabled
              stopped_count=0, restarted_count=0
 full_count=0

Compilation events (20 events):
Event: 13.215 Thread 0x0000767ee0173e30 nmethod 450 0x0000767ec949e010 code [0x0000767ec949e1a0, 0x0000767ec949e2f0]
Event: 13.216 Thread 0x0000767ee0173e30  451       3       java.lang.invoke.MethodType::parameterSlotCount (8 bytes)
Event: 13.216 Thread 0x0000767ee0173e30 nmethod 451 0x0000767ec949e390 code [0x0000767ec949e520, 0x0000767ec949e650]
Event: 13.216 Thread 0x0000767ee0173e30  453       3       jdk.internal.org.objectweb.asm.Frame::pop (42 bytes)
Event: 13.216 Thread 0x0000767ee0173e30 nmethod 453 0x0000767ec949e710 code [0x0000767ec949e8c0, 0x0000767ec949ea70]
Event: 13.216 Thread 0x0000767ee0173e30  452       3       sun.invoke.util.Wrapper::findPrimitiveType (25 bytes)
Event: 13.216 Thread 0x0000767e20005fb0 nmethod 447 0x0000767ec949eb90 code [0x0000767ec949ee20, 0x0000767ec949f9e0]
Event: 13.216 Thread 0x0000767e20005fb0  454   !   3       java.lang.invoke.MemberName::getMethodType (211 bytes)
Event: 13.216 Thread 0x0000767ee0173e30 nmethod 452 0x0000767ec949fe90 code [0x0000767ec94a0120, 0x0000767ec94a0c00]
Event: 13.216 Thread 0x0000767ee0173e30  456       3       jdk.internal.org.objectweb.asm.SymbolTable::addType (81 bytes)
Event: 13.217 Thread 0x0000767ee0173e30 nmethod 456 0x0000767ec94a1090 code [0x0000767ec94a12a0, 0x0000767ec94a17d0]
Event: 13.217 Thread 0x0000767ee0173e30  457       3       java.util.ImmutableCollections$ListN::get (7 bytes)
Event: 13.217 Thread 0x0000767ee0173e30 nmethod 457 0x0000767ec94a1a90 code [0x0000767ec94a1c20, 0x0000767ec94a1d50]
Event: 13.217 Thread 0x0000767ee0173e30  455       3       jdk.internal.org.objectweb.asm.Frame::getLocal (46 bytes)
Event: 13.217 Thread 0x0000767e20005fb0 nmethod 454 0x0000767ec94a1e10 code [0x0000767ec94a2100, 0x0000767ec94a36b0]
Event: 13.217 Thread 0x0000767e20005fb0  458       3       java.lang.invoke.MemberName::getMethodOrFieldType (72 bytes)
Event: 13.217 Thread 0x0000767ee0173e30 nmethod 455 0x0000767ec94a3c90 code [0x0000767ec94a3e40, 0x0000767ec94a4050]
Event: 13.217 Thread 0x0000767ee0173e30  460       3       java.lang.ClassLoader::loadClass (7 bytes)
Event: 13.217 Thread 0x0000767ee0173e30 nmethod 460 0x0000767ec94a4110 code [0x0000767ec94a42c0, 0x0000767ec94a4480]
Event: 13.217 Thread 0x0000767ee0173e30  461       3       jdk.internal.loader.ClassLoaders$AppClassLoader::loadClass (40 bytes)

GC Heap History (0 events):
No events

Dll operation events (7 events):
Event: 0.002 Loaded shared library /home/shiguera/.sdkman/candidates/java/17.0.13-albba/lib/libjava.so
Event: 0.015 Loaded shared library /home/shiguera/.sdkman/candidates/java/17.0.13-albba/lib/libjsvml.so
Event: 0.022 Loaded shared library /home/shiguera/.sdkman/candidates/java/17.0.13-albba/lib/libnio.so
Event: 0.023 Loaded shared library /home/shiguera/.sdkman/candidates/java/17.0.13-albba/lib/libzip.so
Event: 0.026 Loaded shared library /home/shiguera/.sdkman/candidates/java/17.0.13-albba/lib/libnet.so
Event: 0.035 Loaded shared library /home/shiguera/.sdkman/candidates/java/17.0.13-albba/lib/libextnet.so
Event: 0.040 Loaded shared library /usr/local/webots/lib/controller/java/libJavaController.so

Deoptimization events (14 events):
Event: 12.240 Thread 0x0000767ee0029f30 DEOPT PACKING pc=0x0000767ec94153bc sp=0x0000767ee5f0fa90
Event: 12.240 Thread 0x0000767ee0029f30 DEOPT UNPACKING pc=0x0000767ed08b5e2f sp=0x0000767ee5f0ef00 mode 0
Event: 12.242 Thread 0x0000767ee0029f30 DEOPT PACKING pc=0x0000767ec94153bc sp=0x0000767ee5f112c0
Event: 12.242 Thread 0x0000767ee0029f30 DEOPT UNPACKING pc=0x0000767ed08b5e2f sp=0x0000767ee5f10730 mode 0
Event: 12.244 Thread 0x0000767ee0029f30 DEOPT PACKING pc=0x0000767ec94153bc sp=0x0000767ee5f11550
Event: 12.244 Thread 0x0000767ee0029f30 DEOPT UNPACKING pc=0x0000767ed08b5e2f sp=0x0000767ee5f109c0 mode 0
Event: 12.249 Thread 0x0000767ee0029f30 DEOPT PACKING pc=0x0000767ec940ecb6 sp=0x0000767ee5f11150
Event: 12.249 Thread 0x0000767ee0029f30 DEOPT UNPACKING pc=0x0000767ed08b5e2f sp=0x0000767ee5f10590 mode 0
Event: 12.263 Thread 0x0000767ee0029f30 DEOPT PACKING pc=0x0000767ec9403b42 sp=0x0000767ee5f13810
Event: 12.263 Thread 0x0000767ee0029f30 DEOPT UNPACKING pc=0x0000767ed08b5e2f sp=0x0000767ee5f12ca8 mode 0
Event: 12.266 Thread 0x0000767ee0029f30 Uncommon trap: trap_request=0xffffff45 fr.pc=0x0000767ed0faf38c relative=0x000000000000016c
Event: 12.266 Thread 0x0000767ee0029f30 Uncommon trap: reason=unstable_if action=reinterpret pc=0x0000767ed0faf38c method=java.lang.StringLatin1.equals([B[B)Z @ 21 c2
Event: 12.266 Thread 0x0000767ee0029f30 DEOPT PACKING pc=0x0000767ed0faf38c sp=0x0000767ee5f139e0
Event: 12.266 Thread 0x0000767ee0029f30 DEOPT UNPACKING pc=0x0000767ed08b5699 sp=0x0000767ee5f13990 mode 2

Classes loaded (20 events):
Event: 12.238 Loading class java/lang/StrictMath
Event: 12.238 Loading class java/lang/StrictMath done
Event: 12.247 Loading class java/lang/SecurityException
Event: 12.247 Loading class java/lang/SecurityException done
Event: 12.247 Loading class java/lang/ProcessEnvironment
Event: 12.247 Loading class java/lang/ProcessEnvironment done
Event: 12.247 Loading class java/lang/ProcessEnvironment$Variable
Event: 12.247 Loading class java/lang/ProcessEnvironment$ExternalData
Event: 12.247 Loading class java/lang/ProcessEnvironment$ExternalData done
Event: 12.247 Loading class java/lang/ProcessEnvironment$Variable done
Event: 12.247 Loading class java/lang/ProcessEnvironment$Value
Event: 12.247 Loading class java/lang/ProcessEnvironment$Value done
Event: 12.248 Loading class java/lang/ProcessEnvironment$StringEnvironment
Event: 12.248 Loading class java/lang/ProcessEnvironment$StringEnvironment done
Event: 12.251 Loading class java/util/BitSet
Event: 12.251 Loading class java/util/BitSet done
Event: 12.260 Loading class java/util/LinkedList$ListItr
Event: 12.260 Loading class java/util/LinkedList$ListItr done
Event: 12.264 Loading class jdk/internal/math/FloatingDecimal$ASCIIToBinaryBuffer
Event: 12.264 Loading class jdk/internal/math/FloatingDecimal$ASCIIToBinaryBuffer done

Classes unloaded (0 events):
No events

Classes redefined (0 events):
No events

Internal exceptions (3 events):
Event: 0.030 Thread 0x0000767ee0029f30 Exception <a 'java/lang/NoSuchMethodError'{0x000000063283a990}: 'java.lang.Object java.lang.invoke.DirectMethodHandle$Holder.invokeStaticInit(java.lang.Object)'> (0x000000063283a990) 
thrown [src/hotspot/share/interpreter/linkResolver.cpp, line 758]
Event: 0.035 Thread 0x0000767ee0029f30 Exception <a 'java/lang/NoSuchMethodError'{0x0000000632852e10}: 'void java.lang.invoke.DirectMethodHandle$Holder.invokeStatic(java.lang.Object, java.lang.Object)'> (0x0000000632852e10) 
thrown [src/hotspot/share/interpreter/linkResolver.cpp, line 758]
Event: 12.272 Thread 0x0000767ee0029f30 Exception <a 'java/lang/NoSuchMethodError'{0x000000063250fef0}: 'java.lang.Object java.lang.invoke.DirectMethodHandle$Holder.invokeSpecial(java.lang.Object, java.lang.Object, double, double)'> (0x000000063250fef0) 
thrown [src/hotspot/share/interpreter/linkResolver.cpp, line 758]

VM Operations (6 events):
Event: 0.038 Executing VM operation: HandshakeAllThreads
Event: 0.038 Executing VM operation: HandshakeAllThreads done
Event: 1.039 Executing VM operation: Cleanup
Event: 1.039 Executing VM operation: Cleanup done
Event: 13.042 Executing VM operation: Cleanup
Event: 13.042 Executing VM operation: Cleanup done

Memory protections (13 events):
Event: 0.001 Protecting memory [0x0000767ee5e17000,0x0000767ee5e1b000] with protection modes 0
Event: 0.017 Protecting memory [0x0000767eb45fb000,0x0000767eb45ff000] with protection modes 0
Event: 0.017 Protecting memory [0x0000767eb44fb000,0x0000767eb44ff000] with protection modes 0
Event: 0.018 Protecting memory [0x0000767eb43fb000,0x0000767eb43ff000] with protection modes 0
Event: 0.018 Protecting memory [0x0000767eb42fb000,0x0000767eb42ff000] with protection modes 0
Event: 0.018 Protecting memory [0x0000767eb41fb000,0x0000767eb41ff000] with protection modes 0
Event: 0.019 Protecting memory [0x0000767eb40fb000,0x0000767eb40ff000] with protection modes 0
Event: 0.019 Protecting memory [0x0000767eaff00000,0x0000767eaff04000] with protection modes 0
Event: 0.019 Protecting memory [0x0000767eaf500000,0x0000767eaf504000] with protection modes 0
Event: 0.020 Protecting memory [0x0000767eaf400000,0x0000767eaf404000] with protection modes 0
Event: 0.021 Protecting memory [0x0000767eaf1ff000,0x0000767eaf203000] with protection modes 0
Event: 12.246 Protecting memory [0x0000767eaf0ff000,0x0000767eaf103000] with protection modes 0
Event: 12.246 Protecting memory [0x0000767eaed00000,0x0000767eaed04000] with protection modes 0

Nmethod flushes (0 events):
No events

Events (14 events):
Event: 0.015 Thread 0x0000767ee0029f30 Thread added: 0x0000767ee0029f30
Event: 0.017 Thread 0x0000767ee0029f30 Thread added: 0x0000767ee0167d20
Event: 0.017 Thread 0x0000767ee0029f30 Thread added: 0x0000767ee0169110
Event: 0.018 Thread 0x0000767ee0029f30 Thread added: 0x0000767ee016e6d0
Event: 0.018 Thread 0x0000767ee0029f30 Thread added: 0x0000767ee016fa90
Event: 0.018 Thread 0x0000767ee0029f30 Thread added: 0x0000767ee0170eb0
Event: 0.019 Thread 0x0000767ee0029f30 Thread added: 0x0000767ee01728f0
Event: 0.019 Thread 0x0000767ee0029f30 Thread added: 0x0000767ee0173e30
Event: 0.019 Thread 0x0000767ee0029f30 Thread added: 0x0000767ee01752b0
Event: 0.020 Thread 0x0000767ee0029f30 Thread added: 0x0000767ee017c960
Event: 0.021 Thread 0x0000767ee0029f30 Thread added: 0x0000767ee0180a90
Event: 12.246 Thread 0x0000767ee0173e30 Thread added: 0x0000767e20005fb0
Event: 12.246 Thread 0x0000767ee0173e30 Thread added: 0x0000767e20007140
Event: 13.214 Thread 0x0000767e20007140 Thread exited: 0x0000767e20007140


Dynamic libraries:
613c00000-632c00000 rw-p 00000000 00:00 0 
632c00000-7ff800000 ---p 00000000 00:00 0 
7ff800000-7ffb00000 rw-p 00000000 00:00 0 
7ffb00000-7ffb75000 rw-p 00c78000 103:07 8415371                         /home/shiguera/.sdkman/candidates/java/17.0.13-albba/lib/server/classes.jsa
7ffb75000-7ffc00000 rw-p 00000000 00:00 0 
7ffc00000-7ffc77000 rw-p 00c01000 103:07 8415371                         /home/shiguera/.sdkman/candidates/java/17.0.13-albba/lib/server/classes.jsa
7ffc77000-800000000 rw-p 00000000 00:00 0 
597cf7338000-597cf7339000 r--p 00000000 103:07 8410777                   /home/shiguera/.sdkman/candidates/java/17.0.13-albba/bin/java
597cf7339000-597cf733a000 r-xp 00001000 103:07 8410777                   /home/shiguera/.sdkman/candidates/java/17.0.13-albba/bin/java
597cf733a000-597cf733b000 r--p 00002000 103:07 8410777                   /home/shiguera/.sdkman/candidates/java/17.0.13-albba/bin/java
597cf733b000-597cf733c000 r--p 00002000 103:07 8410777                   /home/shiguera/.sdkman/candidates/java/17.0.13-albba/bin/java
597cf733c000-597cf733d000 rw-p 00003000 103:07 8410777                   /home/shiguera/.sdkman/candidates/java/17.0.13-albba/bin/java
597cf9d8d000-597cf9dd5000 rw-p 00000000 00:00 0                          [heap]
767dfc000000-767dfc021000 rw-p 00000000 00:00 0 
767dfc021000-767e00000000 ---p 00000000 00:00 0 
767e04000000-767e04021000 rw-p 00000000 00:00 0 
767e04021000-767e08000000 ---p 00000000 00:00 0 
767e08000000-767e08021000 rw-p 00000000 00:00 0 
767e08021000-767e0c000000 ---p 00000000 00:00 0 
767e10000000-767e10021000 rw-p 00000000 00:00 0 
767e10021000-767e14000000 ---p 00000000 00:00 0 
767e14000000-767e14021000 rw-p 00000000 00:00 0 
767e14021000-767e18000000 ---p 00000000 00:00 0 
767e1c000000-767e1c021000 rw-p 00000000 00:00 0 
767e1c021000-767e20000000 ---p 00000000 00:00 0 
767e20000000-767e20154000 rw-p 00000000 00:00 0 
767e20154000-767e24000000 ---p 00000000 00:00 0 
767e28000000-767e2818b000 rw-p 00000000 00:00 0 
767e2818b000-767e2c000000 ---p 00000000 00:00 0 
767e2c000000-767e2c021000 rw-p 00000000 00:00 0 
767e2c021000-767e30000000 ---p 00000000 00:00 0 
767e34000000-767e34021000 rw-p 00000000 00:00 0 
767e34021000-767e38000000 ---p 00000000 00:00 0 
767e38000000-767e38021000 rw-p 00000000 00:00 0 
767e38021000-767e3c000000 ---p 00000000 00:00 0 
767e40000000-767e40021000 rw-p 00000000 00:00 0 
767e40021000-767e44000000 ---p 00000000 00:00 0 
767e44000000-767e44021000 rw-p 00000000 00:00 0 
767e44021000-767e48000000 ---p 00000000 00:00 0 
767e4c000000-767e4c021000 rw-p 00000000 00:00 0 
767e4c021000-767e50000000 ---p 00000000 00:00 0 
767e53000000-767e530f0000 rw-p 00000000 00:00 0 
767e530f0000-767e53400000 ---p 00000000 00:00 0 
767e53400000-767e53510000 rw-p 00000000 00:00 0 
767e53510000-767e57000000 ---p 00000000 00:00 0 
767e57000000-767e57bc9000 rw-p 00001000 103:07 8415371                   /home/shiguera/.sdkman/candidates/java/17.0.13-albba/lib/server/classes.jsa
767e57bc9000-767e58000000 ---p 00000000 00:00 0 
767e58000000-767e58030000 rw-p 00000000 00:00 0 
767e58030000-767e58040000 ---p 00000000 00:00 0 
767e58040000-767e58060000 rw-p 00000000 00:00 0 
767e58060000-767e98000000 ---p 00000000 00:00 0 
767e98000000-767e98021000 rw-p 00000000 00:00 0 
767e98021000-767e9c000000 ---p 00000000 00:00 0 
767e9c000000-767e9c021000 rw-p 00000000 00:00 0 
767e9c021000-767ea0000000 ---p 00000000 00:00 0 
767ea4000000-767ea4021000 rw-p 00000000 00:00 0 
767ea4021000-767ea8000000 ---p 00000000 00:00 0 
767ea8000000-767ea8021000 rw-p 00000000 00:00 0 
767ea8021000-767eac000000 ---p 00000000 00:00 0 
767eae800000-767eaea92000 rw-p 00000000 00:00 0 
767eaebaa000-767eaed00000 rw-p 00000000 00:00 0 
767eaed00000-767eaed04000 ---p 00000000 00:00 0 
767eaed04000-767eaee00000 rw-p 00000000 00:00 0 
767eaee00000-767eaee9d000 r--p 00000000 103:07 19398795                  /usr/lib/x86_64-linux-gnu/libstdc++.so.6.0.33
767eaee9d000-767eaefe5000 r-xp 0009d000 103:07 19398795                  /usr/lib/x86_64-linux-gnu/libstdc++.so.6.0.33
767eaefe5000-767eaf06c000 r--p 001e5000 103:07 19398795                  /usr/lib/x86_64-linux-gnu/libstdc++.so.6.0.33
767eaf06c000-767eaf077000 r--p 0026b000 103:07 19398795                  /usr/lib/x86_64-linux-gnu/libstdc++.so.6.0.33
767eaf077000-767eaf07a000 rw-p 00276000 103:07 19398795                  /usr/lib/x86_64-linux-gnu/libstdc++.so.6.0.33
767eaf07a000-767eaf07e000 rw-p 00000000 00:00 0 
767eaf0ff000-767eaf103000 ---p 00000000 00:00 0 
767eaf103000-767eaf1ff000 rw-p 00000000 00:00 0 
767eaf1ff000-767eaf203000 ---p 00000000 00:00 0 
767eaf203000-767eaf2ff000 rw-p 00000000 00:00 0 
767eaf2ff000-767eaf300000 ---p 00000000 00:00 0 
767eaf300000-767eaf400000 rw-p 00000000 00:00 0 
767eaf400000-767eaf404000 ---p 00000000 00:00 0 
767eaf404000-767eaf500000 rw-p 00000000 00:00 0 
767eaf500000-767eaf504000 ---p 00000000 00:00 0 
767eaf504000-767eaf600000 rw-p 00000000 00:00 0 
767eaf600000-767eafe03000 r--p 00000000 103:07 19399382                  /usr/lib/locale/locale-archive
767eaff00000-767eaff04000 ---p 00000000 00:00 0 
767eaff04000-767eb0000000 rw-p 00000000 00:00 0 
767eb0000000-767eb0021000 rw-p 00000000 00:00 0 
767eb0021000-767eb4000000 ---p 00000000 00:00 0 
767eb40fb000-767eb40ff000 ---p 00000000 00:00 0 
767eb40ff000-767eb41fb000 rw-p 00000000 00:00 0 
767eb41fb000-767eb41ff000 ---p 00000000 00:00 0 
767eb41ff000-767eb42fb000 rw-p 00000000 00:00 0 
767eb42fb000-767eb42ff000 ---p 00000000 00:00 0 
767eb42ff000-767eb43fb000 rw-p 00000000 00:00 0 
767eb43fb000-767eb43ff000 ---p 00000000 00:00 0 
767eb43ff000-767eb44fb000 rw-p 00000000 00:00 0 
767eb44fb000-767eb44ff000 ---p 00000000 00:00 0 
767eb44ff000-767eb45fb000 rw-p 00000000 00:00 0 
767eb45fb000-767eb45ff000 ---p 00000000 00:00 0 
767eb45ff000-767eb46fb000 rw-p 00000000 00:00 0 
767eb46fb000-767eb46fc000 ---p 00000000 00:00 0 
767eb46fc000-767eb47fc000 rw-p 00000000 00:00 0 
767eb47fc000-767eb47fd000 ---p 00000000 00:00 0 
767eb47fd000-767eb48fd000 rw-p 00000000 00:00 0 
767eb48fd000-767eb48fe000 ---p 00000000 00:00 0 
767eb48fe000-767eb49fe000 rw-p 00000000 00:00 0 
767eb49fe000-767eb73c0000 rw-p 00000000 00:00 0 
767eb73c0000-767ebe6f0000 ---p 00000000 00:00 0 
767ebe6f0000-767ebe710000 rw-p 00000000 00:00 0 
767ebe775000-767ebe787000 r--p 00000000 103:07 23596854                  /usr/local/webots/lib/controller/libController.so
767ebe787000-767ebe7e1000 r-xp 00012000 103:07 23596854                  /usr/local/webots/lib/controller/libController.so
767ebe7e1000-767ebe7fd000 r--p 0006c000 103:07 23596854                  /usr/local/webots/lib/controller/libController.so
767ebe7fd000-767ebe7fe000 r--p 00087000 103:07 23596854                  /usr/local/webots/lib/controller/libController.so
767ebe7fe000-767ebe7ff000 rw-p 00088000 103:07 23596854                  /usr/local/webots/lib/controller/libController.so
767ebe7ff000-767ebefc0000 rw-p 00000000 00:00 0 
767ebefc0000-767ec62f0000 ---p 00000000 00:00 0 
767ec62f0000-767ec6310000 rw-p 00000000 00:00 0 
767ec632f000-767ec6334000 r--p 00000000 103:07 8415375                   /home/shiguera/.sdkman/candidates/java/17.0.13-albba/lib/libjsvml.so
767ec6334000-767ec6375000 r-xp 00005000 103:07 8415375                   /home/shiguera/.sdkman/candidates/java/17.0.13-albba/lib/libjsvml.so
767ec6375000-767ec63fe000 r--p 00046000 103:07 8415375                   /home/shiguera/.sdkman/candidates/java/17.0.13-albba/lib/libjsvml.so
767ec63fe000-767ec63ff000 r--p 000ce000 103:07 8415375                   /home/shiguera/.sdkman/candidates/java/17.0.13-albba/lib/libjsvml.so
767ec63ff000-767ec6400000 rw-p 000cf000 103:07 8415375                   /home/shiguera/.sdkman/candidates/java/17.0.13-albba/lib/libjsvml.so
767ec6400000-767ec64f8000 rw-p 00000000 00:00 0 
767ec64f8000-767ec735e000 ---p 00000000 00:00 0 
767ec735e000-767ec7362000 rw-p 00000000 00:00 0 
767ec7384000-767ec7388000 r--p 00000000 103:07 19399180                  /usr/lib/x86_64-linux-gnu/libgcc_s.so.1
767ec7388000-767ec73ac000 r-xp 00004000 103:07 19399180                  /usr/lib/x86_64-linux-gnu/libgcc_s.so.1
767ec73ac000-767ec73b0000 r--p 00028000 103:07 19399180                  /usr/lib/x86_64-linux-gnu/libgcc_s.so.1
767ec73b0000-767ec73b1000 r--p 0002b000 103:07 19399180                  /usr/lib/x86_64-linux-gnu/libgcc_s.so.1
767ec73b1000-767ec73b2000 rw-p 0002c000 103:07 19399180                  /usr/lib/x86_64-linux-gnu/libgcc_s.so.1
767ec73b2000-767ec73db000 r--p 00000000 103:07 23596856                  /usr/local/webots/lib/controller/libCppController.so
767ec73db000-767ec73f1000 r-xp 00029000 103:07 23596856                  /usr/local/webots/lib/controller/libCppController.so
767ec73f1000-767ec73fc000 r--p 0003f000 103:07 23596856                  /usr/local/webots/lib/controller/libCppController.so
767ec73fc000-767ec73fe000 r--p 00049000 103:07 23596856                  /usr/local/webots/lib/controller/libCppController.so
767ec73fe000-767ec7400000 rw-p 0004b000 103:07 23596856                  /usr/local/webots/lib/controller/libCppController.so
767ec7400000-767ec74f8000 rw-p 00000000 00:00 0 
767ec74f8000-767ec835e000 ---p 00000000 00:00 0 
767ec835e000-767ec8362000 rw-p 00000000 00:00 0 
767ec83af000-767ec83cf000 r--p 00000000 103:07 23596851                  /usr/local/webots/lib/controller/java/libJavaController.so
767ec83cf000-767ec83f4000 r-xp 00020000 103:07 23596851                  /usr/local/webots/lib/controller/java/libJavaController.so
767ec83f4000-767ec83fe000 r--p 00045000 103:07 23596851                  /usr/local/webots/lib/controller/java/libJavaController.so
767ec83fe000-767ec83ff000 r--p 0004e000 103:07 23596851                  /usr/local/webots/lib/controller/java/libJavaController.so
767ec83ff000-767ec8400000 rw-p 0004f000 103:07 23596851                  /usr/local/webots/lib/controller/java/libJavaController.so
767ec8400000-767ec84f8000 rw-p 00000000 00:00 0 
767ec84f8000-767ec935e000 ---p 00000000 00:00 0 
767ec935e000-767ec9362000 rw-p 00000000 00:00 0 
767ec937f000-767ec9400000 rw-p 00000000 00:00 0 
767ec9400000-767ec9670000 rwxp 00000000 00:00 0 
767ec9670000-767ed085f000 ---p 00000000 00:00 0 
767ed085f000-767ed0acf000 rwxp 00000000 00:00 0 
767ed0acf000-767ed0fa0000 ---p 00000000 00:00 0 
767ed0fa0000-767ed1210000 rwxp 00000000 00:00 0 
767ed1210000-767ed8400000 ---p 00000000 00:00 0 
767ed8400000-767edffe3000 r--s 00000000 103:07 8415329                   /home/shiguera/.sdkman/candidates/java/17.0.13-albba/lib/modules
767ee0000000-767ee0290000 rw-p 00000000 00:00 0 
767ee0290000-767ee4000000 ---p 00000000 00:00 0 
767ee4001000-767ee4008000 r--s 00000000 103:07 19679665                  /usr/lib/x86_64-linux-gnu/gconv/gconv-modules.cache
767ee4008000-767ee400a000 r--p 00000000 103:07 8415335                   /home/shiguera/.sdkman/candidates/java/17.0.13-albba/lib/libzip.so
767ee400a000-767ee400e000 r-xp 00002000 103:07 8415335                   /home/shiguera/.sdkman/candidates/java/17.0.13-albba/lib/libzip.so
767ee400e000-767ee4010000 r--p 00006000 103:07 8415335                   /home/shiguera/.sdkman/candidates/java/17.0.13-albba/lib/libzip.so
767ee4010000-767ee4011000 r--p 00007000 103:07 8415335                   /home/shiguera/.sdkman/candidates/java/17.0.13-albba/lib/libzip.so
767ee4011000-767ee4012000 rw-p 00008000 103:07 8415335                   /home/shiguera/.sdkman/candidates/java/17.0.13-albba/lib/libzip.so
767ee4012000-767ee4b78000 rw-p 00000000 00:00 0 
767ee4b78000-767ee4b79000 ---p 00000000 00:00 0 
767ee4b79000-767ee4c79000 rw-p 00000000 00:00 0 
767ee4c79000-767ee4c7a000 ---p 00000000 00:00 0 
767ee4c7a000-767ee4d7a000 rw-p 00000000 00:00 0 
767ee4d7a000-767ee4d7b000 ---p 00000000 00:00 0 
767ee4d7b000-767ee4e7b000 rw-p 00000000 00:00 0 
767ee4e7b000-767ee5c4a000 rw-p 00000000 00:00 0 
767ee5c4a000-767ee5d2e000 ---p 00000000 00:00 0 
767ee5d2e000-767ee5d33000 rw-p 00000000 00:00 0 
767ee5d33000-767ee5e17000 ---p 00000000 00:00 0 
767ee5e17000-767ee5e1b000 ---p 00000000 00:00 0 
767ee5e1b000-767ee5f17000 rw-p 00000000 00:00 0 
767ee5f17000-767ee5f27000 r--p 00000000 103:07 19420036                  /usr/lib/x86_64-linux-gnu/libm.so.6
767ee5f27000-767ee5fa6000 r-xp 00010000 103:07 19420036                  /usr/lib/x86_64-linux-gnu/libm.so.6
767ee5fa6000-767ee5ffe000 r--p 0008f000 103:07 19420036                  /usr/lib/x86_64-linux-gnu/libm.so.6
767ee5ffe000-767ee5fff000 r--p 000e7000 103:07 19420036                  /usr/lib/x86_64-linux-gnu/libm.so.6
767ee5fff000-767ee6000000 rw-p 000e8000 103:07 19420036                  /usr/lib/x86_64-linux-gnu/libm.so.6
767ee6000000-767ee6253000 r--p 00000000 103:07 8415368                   /home/shiguera/.sdkman/candidates/java/17.0.13-albba/lib/server/libjvm.so
767ee6253000-767ee6f7a000 r-xp 00253000 103:07 8415368                   /home/shiguera/.sdkman/candidates/java/17.0.13-albba/lib/server/libjvm.so
767ee6f7a000-767ee7207000 r--p 00f7a000 103:07 8415368                   /home/shiguera/.sdkman/candidates/java/17.0.13-albba/lib/server/libjvm.so
767ee7207000-767ee72c0000 r--p 01206000 103:07 8415368                   /home/shiguera/.sdkman/candidates/java/17.0.13-albba/lib/server/libjvm.so
767ee72c0000-767ee72f5000 rw-p 012bf000 103:07 8415368                   /home/shiguera/.sdkman/candidates/java/17.0.13-albba/lib/server/libjvm.so
767ee72f5000-767ee7350000 rw-p 00000000 00:00 0 
767ee7350000-767ee7352000 r--p 00000000 103:07 23596860                  /usr/local/webots/lib/controller/libgeneric_robot_window.so
767ee7352000-767ee7354000 r-xp 00002000 103:07 23596860                  /usr/local/webots/lib/controller/libgeneric_robot_window.so
767ee7354000-767ee7355000 r--p 00004000 103:07 23596860                  /usr/local/webots/lib/controller/libgeneric_robot_window.so
767ee7355000-767ee7356000 r--p 00004000 103:07 23596860                  /usr/local/webots/lib/controller/libgeneric_robot_window.so
767ee7356000-767ee7357000 rw-p 00005000 103:07 23596860                  /usr/local/webots/lib/controller/libgeneric_robot_window.so
767ee7357000-767ee73c9000 rw-p 00000000 00:00 0 
767ee73cc000-767ee73cd000 r--p 00000000 103:07 23729487                  /usr/local/webots/resources/projects/plugins/robot_windows/generic/libgeneric.so
767ee73cd000-767ee73ce000 r-xp 00001000 103:07 23729487                  /usr/local/webots/resources/projects/plugins/robot_windows/generic/libgeneric.so
767ee73ce000-767ee73cf000 r--p 00002000 103:07 23729487                  /usr/local/webots/resources/projects/plugins/robot_windows/generic/libgeneric.so
767ee73cf000-767ee73d0000 r--p 00002000 103:07 23729487                  /usr/local/webots/resources/projects/plugins/robot_windows/generic/libgeneric.so
767ee73d0000-767ee73d1000 rw-p 00003000 103:07 23729487                  /usr/local/webots/resources/projects/plugins/robot_windows/generic/libgeneric.so
767ee73d1000-767ee73d5000 r--p 00000000 103:07 8411238                   /home/shiguera/.sdkman/candidates/java/17.0.13-albba/lib/libnet.so
767ee73d5000-767ee73e3000 r-xp 00004000 103:07 8411238                   /home/shiguera/.sdkman/candidates/java/17.0.13-albba/lib/libnet.so
767ee73e3000-767ee73e7000 r--p 00012000 103:07 8411238                   /home/shiguera/.sdkman/candidates/java/17.0.13-albba/lib/libnet.so
767ee73e7000-767ee73e8000 r--p 00015000 103:07 8411238                   /home/shiguera/.sdkman/candidates/java/17.0.13-albba/lib/libnet.so
767ee73e8000-767ee73e9000 rw-p 00016000 103:07 8411238                   /home/shiguera/.sdkman/candidates/java/17.0.13-albba/lib/libnet.so
767ee73e9000-767ee73f0000 r--p 00000000 103:07 8415363                   /home/shiguera/.sdkman/candidates/java/17.0.13-albba/lib/libnio.so
767ee73f0000-767ee73f9000 r-xp 00007000 103:07 8415363                   /home/shiguera/.sdkman/candidates/java/17.0.13-albba/lib/libnio.so
767ee73f9000-767ee73fd000 r--p 00010000 103:07 8415363                   /home/shiguera/.sdkman/candidates/java/17.0.13-albba/lib/libnio.so
767ee73fd000-767ee73fe000 ---p 00014000 103:07 8415363                   /home/shiguera/.sdkman/candidates/java/17.0.13-albba/lib/libnio.so
767ee73fe000-767ee73ff000 r--p 00014000 103:07 8415363                   /home/shiguera/.sdkman/candidates/java/17.0.13-albba/lib/libnio.so
767ee73ff000-767ee7400000 rw-p 00015000 103:07 8415363                   /home/shiguera/.sdkman/candidates/java/17.0.13-albba/lib/libnio.so
767ee7400000-767ee7428000 r--p 00000000 103:07 19400633                  /usr/lib/x86_64-linux-gnu/libc.so.6
767ee7428000-767ee75b0000 r-xp 00028000 103:07 19400633                  /usr/lib/x86_64-linux-gnu/libc.so.6
767ee75b0000-767ee75ff000 r--p 001b0000 103:07 19400633                  /usr/lib/x86_64-linux-gnu/libc.so.6
767ee75ff000-767ee7603000 r--p 001fe000 103:07 19400633                  /usr/lib/x86_64-linux-gnu/libc.so.6
767ee7603000-767ee7605000 rw-p 00202000 103:07 19400633                  /usr/lib/x86_64-linux-gnu/libc.so.6
767ee7605000-767ee7612000 rw-p 00000000 00:00 0 
767ee7615000-767ee7616000 r--p 00000000 103:07 8415357                   /home/shiguera/.sdkman/candidates/java/17.0.13-albba/lib/libextnet.so
767ee7616000-767ee7617000 r-xp 00001000 103:07 8415357                   /home/shiguera/.sdkman/candidates/java/17.0.13-albba/lib/libextnet.so
767ee7617000-767ee7618000 r--p 00002000 103:07 8415357                   /home/shiguera/.sdkman/candidates/java/17.0.13-albba/lib/libextnet.so
767ee7618000-767ee7619000 r--p 00002000 103:07 8415357                   /home/shiguera/.sdkman/candidates/java/17.0.13-albba/lib/libextnet.so
767ee7619000-767ee761a000 rw-p 00003000 103:07 8415357                   /home/shiguera/.sdkman/candidates/java/17.0.13-albba/lib/libextnet.so
767ee761a000-767ee769b000 rw-p 00000000 00:00 0 
767ee769b000-767ee76a5000 ---p 00000000 00:00 0 
767ee76a5000-767ee76b3000 r--p 00000000 103:07 8415290                   /home/shiguera/.sdkman/candidates/java/17.0.13-albba/lib/libjava.so
767ee76b3000-767ee76c5000 r-xp 0000e000 103:07 8415290                   /home/shiguera/.sdkman/candidates/java/17.0.13-albba/lib/libjava.so
767ee76c5000-767ee76cb000 r--p 00020000 103:07 8415290                   /home/shiguera/.sdkman/candidates/java/17.0.13-albba/lib/libjava.so
767ee76cb000-767ee76cc000 ---p 00026000 103:07 8415290                   /home/shiguera/.sdkman/candidates/java/17.0.13-albba/lib/libjava.so
767ee76cc000-767ee76cd000 r--p 00026000 103:07 8415290                   /home/shiguera/.sdkman/candidates/java/17.0.13-albba/lib/libjava.so
767ee76cd000-767ee76ce000 rw-p 00027000 103:07 8415290                   /home/shiguera/.sdkman/candidates/java/17.0.13-albba/lib/libjava.so
767ee76ce000-767ee76cf000 rw-p 00000000 00:00 0 
767ee76cf000-767ee76d7000 rw-s 00000000 103:07 23857137                  /tmp/hsperfdata_shiguera/30491
767ee76d7000-767ee76d8000 ---p 00000000 00:00 0 
767ee76d8000-767ee76d9000 r--p 00000000 00:00 0 
767ee76d9000-767ee76da000 r--p 00000000 103:07 19420053                  /usr/lib/x86_64-linux-gnu/librt.so.1
767ee76da000-767ee76db000 r-xp 00001000 103:07 19420053                  /usr/lib/x86_64-linux-gnu/librt.so.1
767ee76db000-767ee76dc000 r--p 00002000 103:07 19420053                  /usr/lib/x86_64-linux-gnu/librt.so.1
767ee76dc000-767ee76dd000 r--p 00002000 103:07 19420053                  /usr/lib/x86_64-linux-gnu/librt.so.1
767ee76dd000-767ee76de000 rw-p 00003000 103:07 19420053                  /usr/lib/x86_64-linux-gnu/librt.so.1
767ee76de000-767ee76e3000 rw-p 00000000 00:00 0 
767ee76e3000-767ee76e4000 r--p 00000000 103:07 19420034                  /usr/lib/x86_64-linux-gnu/libdl.so.2
767ee76e4000-767ee76e5000 r-xp 00001000 103:07 19420034                  /usr/lib/x86_64-linux-gnu/libdl.so.2
767ee76e5000-767ee76e6000 r--p 00002000 103:07 19420034                  /usr/lib/x86_64-linux-gnu/libdl.so.2
767ee76e6000-767ee76e7000 r--p 00002000 103:07 19420034                  /usr/lib/x86_64-linux-gnu/libdl.so.2
767ee76e7000-767ee76e8000 rw-p 00003000 103:07 19420034                  /usr/lib/x86_64-linux-gnu/libdl.so.2
767ee76e8000-767ee76e9000 r--p 00000000 103:07 19420051                  /usr/lib/x86_64-linux-gnu/libpthread.so.0
767ee76e9000-767ee76ea000 r-xp 00001000 103:07 19420051                  /usr/lib/x86_64-linux-gnu/libpthread.so.0
767ee76ea000-767ee76eb000 r--p 00002000 103:07 19420051                  /usr/lib/x86_64-linux-gnu/libpthread.so.0
767ee76eb000-767ee76ec000 r--p 00002000 103:07 19420051                  /usr/lib/x86_64-linux-gnu/libpthread.so.0
767ee76ec000-767ee76ed000 rw-p 00003000 103:07 19420051                  /usr/lib/x86_64-linux-gnu/libpthread.so.0
767ee76ed000-767ee76f0000 r--p 00000000 103:07 8415333                   /home/shiguera/.sdkman/candidates/java/17.0.13-albba/lib/libjli.so
767ee76f0000-767ee76fa000 r-xp 00003000 103:07 8415333                   /home/shiguera/.sdkman/candidates/java/17.0.13-albba/lib/libjli.so
767ee76fa000-767ee76fd000 r--p 0000d000 103:07 8415333                   /home/shiguera/.sdkman/candidates/java/17.0.13-albba/lib/libjli.so
767ee76fd000-767ee76fe000 ---p 00010000 103:07 8415333                   /home/shiguera/.sdkman/candidates/java/17.0.13-albba/lib/libjli.so
767ee76fe000-767ee76ff000 r--p 00010000 103:07 8415333                   /home/shiguera/.sdkman/candidates/java/17.0.13-albba/lib/libjli.so
767ee76ff000-767ee7700000 rw-p 00011000 103:07 8415333                   /home/shiguera/.sdkman/candidates/java/17.0.13-albba/lib/libjli.so
767ee7700000-767ee7702000 r--p 00000000 103:07 19400322                  /usr/lib/x86_64-linux-gnu/libz.so.1.3
767ee7702000-767ee7714000 r-xp 00002000 103:07 19400322                  /usr/lib/x86_64-linux-gnu/libz.so.1.3
767ee7714000-767ee771a000 r--p 00014000 103:07 19400322                  /usr/lib/x86_64-linux-gnu/libz.so.1.3
767ee771a000-767ee771b000 r--p 0001a000 103:07 19400322                  /usr/lib/x86_64-linux-gnu/libz.so.1.3
767ee771b000-767ee771c000 rw-p 0001b000 103:07 19400322                  /usr/lib/x86_64-linux-gnu/libz.so.1.3
767ee771c000-767ee771d000 ---p 00000000 00:00 0 
767ee771d000-767ee7721000 r--p 00000000 103:07 8411119                   /home/shiguera/.sdkman/candidates/java/17.0.13-albba/lib/libjimage.so
767ee7721000-767ee7734000 r-xp 00004000 103:07 8411119                   /home/shiguera/.sdkman/candidates/java/17.0.13-albba/lib/libjimage.so
767ee7734000-767ee773a000 r--p 00017000 103:07 8411119                   /home/shiguera/.sdkman/candidates/java/17.0.13-albba/lib/libjimage.so
767ee773a000-767ee773c000 r--p 0001c000 103:07 8411119                   /home/shiguera/.sdkman/candidates/java/17.0.13-albba/lib/libjimage.so
767ee773c000-767ee773d000 rw-p 0001e000 103:07 8411119                   /home/shiguera/.sdkman/candidates/java/17.0.13-albba/lib/libjimage.so
767ee773d000-767ee773f000 rw-p 00000000 00:00 0 
767ee773f000-767ee7740000 r--p 00000000 103:07 19398708                  /usr/lib/x86_64-linux-gnu/ld-linux-x86-64.so.2
767ee7740000-767ee776b000 r-xp 00001000 103:07 19398708                  /usr/lib/x86_64-linux-gnu/ld-linux-x86-64.so.2
767ee776b000-767ee7775000 r--p 0002c000 103:07 19398708                  /usr/lib/x86_64-linux-gnu/ld-linux-x86-64.so.2
767ee7775000-767ee7777000 r--p 00036000 103:07 19398708                  /usr/lib/x86_64-linux-gnu/ld-linux-x86-64.so.2
767ee7777000-767ee7779000 rw-p 00038000 103:07 19398708                  /usr/lib/x86_64-linux-gnu/ld-linux-x86-64.so.2
7fff90129000-7fff9014b000 rw-p 00000000 00:00 0                          [stack]
7fff901f0000-7fff901f4000 r--p 00000000 00:00 0                          [vvar]
7fff901f4000-7fff901f6000 r-xp 00000000 00:00 0                          [vdso]
ffffffffff600000-ffffffffff601000 --xp 00000000 00:00 0                  [vsyscall]


VM Arguments:
jvm_args: -Djava.library.path=/usr/local/webots/lib/controller/java 
java_command: AntlrCompleteLanguage
java_class_path (initial): /usr/local/webots/lib/controller/java/Controller.jar:.
Launcher Type: SUN_STANDARD

[Global flags]
     intx CICompilerCount                          = 12                                        {product} {ergonomic}
     uint ConcGCThreads                            = 3                                         {product} {ergonomic}
     uint G1ConcRefinementThreads                  = 13                                        {product} {ergonomic}
   size_t G1HeapRegionSize                         = 4194304                                   {product} {ergonomic}
    uintx GCDrainStackTargetSize                   = 64                                        {product} {ergonomic}
   size_t InitialHeapSize                          = 520093696                                 {product} {ergonomic}
   size_t MarkStackSize                            = 4194304                                   {product} {ergonomic}
   size_t MaxHeapSize                              = 8258584576                                {product} {ergonomic}
   size_t MaxNewSize                               = 4953473024                                {product} {ergonomic}
   size_t MinHeapDeltaBytes                        = 4194304                                   {product} {ergonomic}
   size_t MinHeapSize                              = 8388608                                   {product} {ergonomic}
    uintx NonNMethodCodeHeapSize                   = 7602480                                {pd product} {ergonomic}
    uintx NonProfiledCodeHeapSize                  = 122027880                              {pd product} {ergonomic}
    uintx ProfiledCodeHeapSize                     = 122027880                              {pd product} {ergonomic}
    uintx ReservedCodeCacheSize                    = 251658240                              {pd product} {ergonomic}
     bool SegmentedCodeCache                       = true                                      {product} {ergonomic}
   size_t SoftMaxHeapSize                          = 8258584576                             {manageable} {ergonomic}
     bool UseCompressedClassPointers               = true                           {product lp64_product} {ergonomic}
     bool UseCompressedOops                        = true                           {product lp64_product} {ergonomic}
     bool UseG1GC                                  = true                                      {product} {ergonomic}

Logging:
Log output configuration:
 #0: stdout all=warning uptime,level,tags
 #1: stderr all=off uptime,level,tags

Environment Variables:
JAVA_HOME=/home/shiguera/.sdkman/candidates/java/current
PATH=/home/shiguera/anaconda3/condabin:/home/shiguera/.sdkman/candidates/maven/current/bin:/home/shiguera/.sdkman/candidates/java/current/bin:/home/shiguera/.cabal/bin:/home/shiguera/.ghcup/bin:/home/shiguera/.wasmedge/bin:/home/shiguera/.nvm/versions/node/v20.9.0/bin:/home/shiguera/.cargo/bin:/usr/local/sbin:/usr/local/bin:/usr/sbin:/usr/bin:/sbin:/bin:/usr/games:/usr/local/games:/snap/bin:/snap/bin:/home/shiguera/apps/gradle-8.10/bin
USERNAME=shiguera
LD_LIBRARY_PATH=/usr/local/webots/lib/controller:/home/shiguera/.wasmedge/lib
SHELL=/bin/bash
DISPLAY=:0
LANG=es_ES.UTF-8
TERM=xterm-256color

Active Locale:
LC_ALL=LC_CTYPE=es_ES.UTF-8;LC_NUMERIC=C;LC_TIME=es_ES.UTF-8;LC_COLLATE=es_ES.UTF-8;LC_MONETARY=es_ES.UTF-8;LC_MESSAGES=es_ES.UTF-8;LC_PAPER=es_ES.UTF-8;LC_NAME=es_ES.UTF-8;LC_ADDRESS=es_ES.UTF-8;LC_TELEPHONE=es_ES.UTF-8;LC_MEASUREMENT=es_ES.UTF-8;LC_IDENTIFICATION=es_ES.UTF-8
LC_COLLATE=es_ES.UTF-8
LC_CTYPE=es_ES.UTF-8
LC_MESSAGES=es_ES.UTF-8
LC_MONETARY=es_ES.UTF-8
LC_NUMERIC=C
LC_TIME=es_ES.UTF-8

Signal Handlers:
   SIGSEGV: crash_handler in libjvm.so, mask=11100100010111111101111111111110, flags=SA_RESTART|SA_SIGINFO, unblocked
    SIGBUS: crash_handler in libjvm.so, mask=11100100010111111101111111111110, flags=SA_RESTART|SA_SIGINFO, unblocked
    SIGFPE: crash_handler in libjvm.so, mask=11100100010111111101111111111110, flags=SA_RESTART|SA_SIGINFO, unblocked
   SIGPIPE: javaSignalHandler in libjvm.so, mask=11100100010111111101111111111110, flags=SA_RESTART|SA_SIGINFO, blocked
   SIGXFSZ: javaSignalHandler in libjvm.so, mask=11100100010111111101111111111110, flags=SA_RESTART|SA_SIGINFO, blocked
    SIGILL: crash_handler in libjvm.so, mask=11100100010111111101111111111110, flags=SA_RESTART|SA_SIGINFO, unblocked
   SIGUSR2: SR_handler in libjvm.so, mask=00000000000000000000000000000000, flags=SA_RESTART|SA_SIGINFO, blocked
    SIGHUP: 0x0000767ebe7cb070 in libController.so+352368, mask=10000000000000000000000000000000, flags=SA_RESTART, blocked
    SIGINT: 0x0000767ebe7cb070 in libController.so+352368, mask=01000000000000000000000000000000, flags=SA_RESTART, blocked
   SIGTERM: 0x0000767ebe7cb070 in libController.so+352368, mask=00000000000000100000000000000000, flags=SA_RESTART, blocked
   SIGQUIT: 0x0000767ebe7cb070 in libController.so+352368, mask=00100000000000000000000000000000, flags=SA_RESTART, blocked
   SIGTRAP: crash_handler in libjvm.so, mask=11100100010111111101111111111110, flags=SA_RESTART|SA_SIGINFO, unblocked


Periodic native trim disabled


---------------  S Y S T E M  ---------------

OS:
DISTRIB_ID=Ubuntu
DISTRIB_RELEASE=24.04
DISTRIB_CODENAME=noble
DISTRIB_DESCRIPTION="Ubuntu 24.04.2 LTS"
uname: Linux 6.8.0-57-generic #59-Ubuntu SMP PREEMPT_DYNAMIC Sat Mar 15 17:40:59 UTC 2025 x86_64
OS uptime: 0 days 1:29 hours
libc: glibc 2.39 NPTL 2.39 
rlimit (soft/hard): STACK 8192k/infinity , CORE 0k/infinity , NPROC 125665/125665 , NOFILE 1048576/1048576 , AS infinity/infinity , CPU infinity/infinity , DATA infinity/infinity , FSIZE infinity/infinity , MEMLOCK 4030740k/4030740k
load average: 0.29 0.58 0.68

/proc/meminfo:
MemTotal:       32245920 kB
MemFree:        17228304 kB
MemAvailable:   23589464 kB
Buffers:          566908 kB
Cached:          5925292 kB
SwapCached:            0 kB
Active:          8618188 kB
Inactive:        3801380 kB
Active(anon):    6095136 kB
Inactive(anon):        0 kB
Active(file):    2523052 kB
Inactive(file):  3801380 kB
Unevictable:         136 kB
Mlocked:             136 kB
SwapTotal:       2097148 kB
SwapFree:        2097148 kB
Zswap:                 0 kB
Zswapped:              0 kB
Dirty:               832 kB
Writeback:             0 kB
AnonPages:       5927772 kB
Mapped:          1564392 kB
Shmem:            167768 kB
KReclaimable:     494772 kB
Slab:             847068 kB
SReclaimable:     494772 kB
SUnreclaim:       352296 kB
KernelStack:       32032 kB
PageTables:        88996 kB
SecPageTables:         0 kB
NFS_Unstable:          0 kB
Bounce:                0 kB
WritebackTmp:          0 kB
CommitLimit:    18220108 kB
Committed_AS:   37681648 kB
VmallocTotal:   34359738367 kB
VmallocUsed:      167324 kB
VmallocChunk:          0 kB
Percpu:            18624 kB
HardwareCorrupted:     0 kB
AnonHugePages:         0 kB
ShmemHugePages:        0 kB
ShmemPmdMapped:        0 kB
FileHugePages:         0 kB
FilePmdMapped:         0 kB
Unaccepted:            0 kB
HugePages_Total:       0
HugePages_Free:        0
HugePages_Rsvd:        0
HugePages_Surp:        0
Hugepagesize:       2048 kB
Hugetlb:               0 kB
DirectMap4k:     1712452 kB
DirectMap2M:    16537600 kB
DirectMap1G:    14680064 kB

/sys/kernel/mm/transparent_hugepage/enabled: always [madvise] never
/sys/kernel/mm/transparent_hugepage/hpage_pmd_size: 2097152
/sys/kernel/mm/transparent_hugepage/defrag (defrag/compaction efforts parameter): always defer defer+madvise [madvise] never

Process Memory:
Virtual Size: 11304100K (peak: 11365608K)
Resident Set Size: 55148K (peak: 55148K) (anon: 32000K, file: 23148K, shmem: 0K)
Swapped out: 0K
C-Heap outstanding allocations: 38095K, retained: 2612K
glibc malloc tunables: (default)

/proc/sys/kernel/threads-max (system-wide limit on the number of threads): 251330
/proc/sys/vm/max_map_count (maximum number of memory map areas a process may have): 1048576
/proc/sys/vm/swappiness (control to define how aggressively the kernel swaps out anonymous memory): 60
/proc/sys/kernel/pid_max (system-wide limit on number of process identifiers): 4194304

container (cgroup) information:
container_type: cgroupv2
cpu_cpuset_cpus: not supported
cpu_memory_nodes: not supported
active_processor_count: 16
cpu_quota: not supported
cpu_period: not supported
cpu_shares: not supported
memory_limit_in_bytes: unlimited
memory_and_swap_limit_in_bytes: unlimited
memory_soft_limit_in_bytes: unlimited
memory_usage_in_bytes: 325124 k
memory_max_usage_in_bytes: not supported
memory_swap_current_in_bytes: unlimited
memory_swap_max_limit_in_bytes: unlimited
maximum number of tasks: 37699
current number of tasks: 48

Steal ticks since vm start: 0
Steal ticks percentage since vm start:  0.000

CPU: total 16 (initial active 16) (16 cores per cpu, 2 threads per core) family 25 model 80 stepping 0 microcode 0xa50000c, cx8, cmov, fxsr, ht, mmx, 3dnowpref, sse, sse2, sse3, ssse3, sse4a, sse4.1, sse4.2, popcnt, lzcnt, tsc, tscinvbit, avx, avx2, aes, erms, clmul, bmi1, bmi2, adx, sha, fma, vzeroupper, clflush, clflushopt
CPU Model and flags from /proc/cpuinfo:
model name	: AMD Ryzen 9 5900HX with Radeon Graphics
flags		: fpu vme de pse tsc msr pae mce cx8 apic sep mtrr pge mca cmov pat pse36 clflush mmx fxsr sse sse2 ht syscall nx mmxext fxsr_opt pdpe1gb rdtscp lm constant_tsc rep_good nopl nonstop_tsc cpuid extd_apicid aperfmperf rapl pni pclmulqdq monitor ssse3 fma cx16 sse4_1 sse4_2 movbe popcnt aes xsave avx f16c rdrand lahf_lm cmp_legacy svm extapic cr8_legacy abm sse4a misalignsse 3dnowprefetch osvw ibs skinit wdt tce topoext perfctr_core perfctr_nb bpext perfctr_llc mwaitx cpb cat_l3 cdp_l3 hw_pstate ssbd mba ibrs ibpb stibp vmmcall fsgsbase bmi1 avx2 smep bmi2 erms invpcid cqm rdt_a rdseed adx smap clflushopt clwb sha_ni xsaveopt xsavec xgetbv1 xsaves cqm_llc cqm_occup_llc cqm_mbm_total cqm_mbm_local user_shstk clzero irperf xsaveerptr rdpru wbnoinvd cppc arat npt lbrv svm_lock nrip_save tsc_scale vmcb_clean flushbyasid decodeassists pausefilter pfthreshold avic v_vmsave_vmload vgif v_spec_ctrl umip pku ospke vaes vpclmulqdq rdpid overflow_recov succor smca fsrm debug_swap

Online cpus: 0-15
Offline cpus: 
BIOS frequency limitation: <Not Available>
Frequency switch latency (ns): 0
Available cpu frequencies: <Not Available>
Current governor: powersave
Core performance/turbo boost: <Not Available>

Memory: 4k page, physical 32245920k(17228304k free), swap 2097148k(2097148k free)
Page Sizes: 4k

vm_info: OpenJDK 64-Bit Server VM (17.0.13+9) for linux-amd64 JRE (17.0.13+9), built on Oct 15 2024 00:00:00 by "dragonwell" with gcc 10.3.0

END.
